2018-07-26 10:31:50 -  - exec CUpdateClientPartner::SearchModulesEx
2018-07-26 10:31:50 -  - exec CUpdateClientPartner::__CollectRequestData
2018-07-26 10:31:50 -  - utf=Y&lang=ru&stable=Y&CANGZIP=Y&SUPD_DBS=MYSQL&XE=N&CLIENT_SITE=clinic.cu41147.tmweb.ru&LICENSE_KEY=X&SUPD_STS=1&SUPD_URS=0&SUPD_URSA=1&TYPENC=D&CLIENT_PHPVER=5.6.30&NGINX=Y&dbv=5.6.39&instm=main%2C18.0.0%2CY%3Bhighloadblock%2C17.5.0%2CN%3Bmessageservice%2C18.0.0%2CN%3Bfileman%2C17.5.12%2CN%3Bperfmon%2C17.0.1%2CN%3Brest%2C18.0.0%2CN%3Biblock%2C17.6.3%2CN%3Bsearch%2C17.5.1%2CN%3Bbitrixcloud%2C17.5.0%2CN%3Bbitrix.sitecorporate%2C15.5.0%2CN%3Bcompression%2C16.0.0%2CN%3Bsocialservices%2C17.5.4%2CN%3Bui%2C17.6.0%2CN%3Bb24connector%2C17.5.0%2CN%3Blanding%2C18.3.0%2CN%3Bseo%2C18.0.0%2CN%3Btranslate%2C16.0.0%2CN%3Bclouds%2C17.0.2%2CN&search_module_id=&search_module=&search_category=7%2C14&search_type=&search_order=DESC&search_order_by=SORT&search_page=1&SUPD_SRS=RU&SUPD_CMP=N
2018-07-26 10:31:50 -  - exec CUpdateClientPartner::GetHTTPPage
2018-07-26 10:31:52 -  - TIME SearchModulesEx(request) 1.678 sec
2018-07-26 10:31:52 -  - exec CUpdateClientPartner::ParseServerData
2018-07-26 10:32:03 -  - exec CUpdateClientPartner::LoadModulesUpdates
2018-07-26 10:32:03 -  - exec CUpdateClientPartner::__CollectRequestData
2018-07-26 10:32:03 -  - utf=Y&lang=ru&stable=Y&CANGZIP=Y&SUPD_DBS=MYSQL&XE=N&CLIENT_SITE=clinic.cu41147.tmweb.ru&LICENSE_KEY=X&SUPD_STS=1&SUPD_URS=0&SUPD_URSA=1&TYPENC=D&CLIENT_PHPVER=5.6.30&NGINX=Y&dbv=5.6.39&instm=main%2C18.0.0%2CY%3Bhighloadblock%2C17.5.0%2CN%3Bmessageservice%2C18.0.0%2CN%3Bfileman%2C17.5.12%2CN%3Bperfmon%2C17.0.1%2CN%3Brest%2C18.0.0%2CN%3Biblock%2C17.6.3%2CN%3Bsearch%2C17.5.1%2CN%3Bbitrixcloud%2C17.5.0%2CN%3Bbitrix.sitecorporate%2C15.5.0%2CN%3Bcompression%2C16.0.0%2CN%3Bsocialservices%2C17.5.4%2CN%3Bui%2C17.6.0%2CN%3Bb24connector%2C17.5.0%2CN%3Blanding%2C18.3.0%2CN%3Bseo%2C18.0.0%2CN%3Btranslate%2C16.0.0%2CN%3Bclouds%2C17.0.2%2CN&reqm=nsandrey.emptyinstall&lim=Y&SUPD_SRS=RU&SUPD_CMP=N
2018-07-26 10:32:03 -  - exec CUpdateClientPartner::GetHTTPPage
2018-07-26 10:32:04 -  - TIME LoadModulesUpdates(request) 0.329 sec
2018-07-26 10:32:04 -  - exec CUpdateClientPartner::ParseServerData
2018-07-26 10:32:04 - S - STEP
2018-07-26 10:32:04 - LM4W01 - loadModule4Wizard-Step
2018-07-26 10:32:04 -  - exec CUpdateClientPartner::LoadModulesUpdates
2018-07-26 10:32:04 -  - exec CUpdateClientPartner::ParseServerData
2018-07-26 10:32:04 -  - loadFile
2018-07-26 10:32:04 - U - RETURN
2018-07-26 10:32:04 -  - exec CUpdateClientPartner::UnGzipArchive
2018-07-26 10:32:04 -  - TIME UnGzipArchive 0.007 sec
2018-07-26 10:32:04 -  - TIME UpdateStepModules 0.009 sec
2018-07-26 10:32:04 -  - exec CUpdateClientPartner::LoadModulesUpdates
2018-07-26 10:32:04 -  - exec CUpdateClientPartner::__CollectRequestData
2018-07-26 10:32:04 -  - utf=Y&lang=ru&stable=Y&CANGZIP=Y&SUPD_DBS=MYSQL&XE=N&CLIENT_SITE=clinic.cu41147.tmweb.ru&LICENSE_KEY=X&SUPD_STS=1&SUPD_URS=0&SUPD_URSA=1&TYPENC=D&CLIENT_PHPVER=5.6.30&NGINX=Y&dbv=5.6.39&instm=main%2C18.0.0%2CY%3Bhighloadblock%2C17.5.0%2CN%3Bmessageservice%2C18.0.0%2CN%3Bfileman%2C17.5.12%2CN%3Bperfmon%2C17.0.1%2CN%3Brest%2C18.0.0%2CN%3Biblock%2C17.6.3%2CN%3Bsearch%2C17.5.1%2CN%3Bbitrixcloud%2C17.5.0%2CN%3Bbitrix.sitecorporate%2C15.5.0%2CN%3Bcompression%2C16.0.0%2CN%3Bsocialservices%2C17.5.4%2CN%3Bui%2C17.6.0%2CN%3Bb24connector%2C17.5.0%2CN%3Blanding%2C18.3.0%2CN%3Bnsandrey.emptyinstall%2C1.0.5%2CN%3Bseo%2C18.0.0%2CN%3Btranslate%2C16.0.0%2CN%3Bclouds%2C17.0.2%2CN&reqm=nsandrey.emptyinstall&lim=Y&SUPD_SRS=RU&SUPD_CMP=N
2018-07-26 10:32:04 -  - exec CUpdateClientPartner::GetHTTPPage
2018-07-26 10:32:05 -  - TIME LoadModulesUpdates(request) 0.328 sec
2018-07-26 10:32:05 -  - exec CUpdateClientPartner::ParseServerData
2018-07-26 10:32:05 - STEP - Finish - NOUPDATES
2018-07-26 10:32:05 - LM4W03 - Finish - NOUPDATES
2018-07-26 10:35:46 -  - exec CUpdateClientPartner::__CollectRequestData
2018-07-26 10:35:46 -  - exec CUpdateClientPartner::GetHTTPPage
2018-07-26 10:35:46 -  - exec CUpdateClientPartner::ParseServerData
2018-07-26 10:35:46 -  - exec CUpdateClientPartner::GetUpdatesList
2018-07-26 10:35:46 -  - exec CUpdateClientPartner::__CollectRequestData
2018-07-26 10:35:46 -  - utf=Y&lang=ru&stable=Y&CANGZIP=Y&SUPD_DBS=MYSQL&XE=N&CLIENT_SITE=clinic.cu41147.tmweb.ru&LICENSE_KEY=X&SUPD_STS=1&SUPD_URS=0&SUPD_URSA=1&TYPENC=D&CLIENT_PHPVER=5.6.30&NGINX=Y&dbv=5.6.39&instm=main%2C18.0.0%2CY%3Bhighloadblock%2C17.5.0%2CN%3Bmessageservice%2C18.0.0%2CN%3Bfileman%2C17.5.12%2CN%3Bperfmon%2C17.0.1%2CN%3Brest%2C18.0.0%2CN%3Biblock%2C17.6.3%2CN%3Bsearch%2C17.5.1%2CN%3Bbitrixcloud%2C17.5.0%2CN%3Bbitrix.sitecorporate%2C15.5.0%2CN%3Bcompression%2C16.0.0%2CN%3Bsocialservices%2C17.5.4%2CN%3Bui%2C17.6.0%2CN%3Bb24connector%2C17.5.0%2CN%3Blanding%2C18.3.0%2CN%3Bnsandrey.emptyinstall%2C1.0.5%2CN%3Bseo%2C18.0.0%2CN%3Btranslate%2C16.0.0%2CN%3Bclouds%2C17.0.2%2CN&reqm=bitrix.sitecorporate%2Cnsandrey.emptyinstall&fullmoduleinfo=Y&SUPD_SRS=RU&SUPD_CMP=N
2018-07-26 10:35:46 -  - exec CUpdateClientPartner::GetHTTPPage
2018-07-26 10:35:47 -  - TIME GetUpdatesList(request) 0.263 sec
2018-07-26 10:35:47 -  - exec CUpdateClientPartner::ParseServerData
2018-07-26 10:35:47 -  - exec CUpdateClientPartner::__CollectRequestData
2018-07-26 10:35:47 -  - exec CUpdateClientPartner::GetHTTPPage
2018-07-26 10:35:47 -  - exec CUpdateClientPartner::ParseServerData
2018-08-14 09:41:15 -  - exec CUpdateClientPartner::__CollectRequestData
2018-08-14 09:41:15 -  - exec CUpdateClientPartner::GetHTTPPage
2018-08-14 09:41:16 -  - exec CUpdateClientPartner::ParseServerData
2018-08-14 09:41:16 -  - exec CUpdateClientPartner::GetUpdatesList
2018-08-14 09:41:16 -  - exec CUpdateClientPartner::__CollectRequestData
2018-08-14 09:41:16 -  - utf=Y&lang=ru&stable=Y&CANGZIP=Y&SUPD_DBS=MYSQL&XE=N&CLIENT_SITE=clinic.cu41147.tmweb.ru&LICENSE_KEY=X&SUPD_STS=1&SUPD_URS=0&SUPD_URSA=1&TYPENC=D&CLIENT_PHPVER=5.6.37&NGINX=Y&dbv=5.6.39&instm=main%2C18.0.0%2CY%3Bhighloadblock%2C17.5.0%2CN%3Bmessageservice%2C18.0.0%2CN%3Bfileman%2C17.5.12%2CN%3Bperfmon%2C17.0.1%2CN%3Brest%2C18.0.0%2CN%3Biblock%2C17.6.3%2CN%3Bsearch%2C17.5.1%2CN%3Bbitrixcloud%2C17.5.0%2CN%3Bbitrix.sitecorporate%2C15.5.0%2CN%3Bcompression%2C16.0.0%2CN%3Bsocialservices%2C17.5.4%2CN%3Bui%2C17.6.0%2CN%3Bb24connector%2C17.5.0%2CN%3Blanding%2C18.3.0%2CN%3Bnsandrey.emptyinstall%2C1.0.5%2CN%3Bseo%2C18.0.0%2CN%3Btranslate%2C16.0.0%2CN%3Bclouds%2C17.0.2%2CN&reqm=bitrix.sitecorporate%2Cnsandrey.emptyinstall&fullmoduleinfo=Y&SUPD_SRS=RU&SUPD_CMP=N
2018-08-14 09:41:16 -  - exec CUpdateClientPartner::GetHTTPPage
2018-08-14 09:41:22 -  - TIME GetUpdatesList(request) 6.329 sec
2018-08-14 09:41:22 -  - exec CUpdateClientPartner::ParseServerData
2018-08-14 09:41:22 -  - exec CUpdateClientPartner::__CollectRequestData
2018-08-14 09:41:22 -  - exec CUpdateClientPartner::GetHTTPPage
2018-08-14 09:41:22 -  - exec CUpdateClientPartner::ParseServerData
2018-08-16 09:31:24 -  - exec CUpdateClientPartner::__CollectRequestData
2018-08-16 09:31:24 -  - exec CUpdateClientPartner::GetHTTPPage
2018-08-16 09:31:24 -  - exec CUpdateClientPartner::ParseServerData
2018-08-16 09:31:24 -  - exec CUpdateClientPartner::GetUpdatesList
2018-08-16 09:31:24 -  - exec CUpdateClientPartner::__CollectRequestData
2018-08-16 09:31:24 -  - utf=Y&lang=ru&stable=Y&CANGZIP=Y&SUPD_DBS=MYSQL&XE=N&CLIENT_SITE=clinic.cu41147.tmweb.ru&LICENSE_KEY=X&SUPD_STS=1&SUPD_URS=0&SUPD_URSA=1&TYPENC=D&CLIENT_PHPVER=5.6.37&NGINX=Y&dbv=5.6.39&instm=main%2C18.0.0%2CY%3Bhighloadblock%2C17.5.0%2CN%3Bmessageservice%2C18.0.0%2CN%3Bfileman%2C17.5.12%2CN%3Bperfmon%2C17.0.1%2CN%3Brest%2C18.0.0%2CN%3Biblock%2C17.6.3%2CN%3Bsearch%2C17.5.1%2CN%3Bbitrixcloud%2C17.5.0%2CN%3Bbitrix.sitecorporate%2C15.5.0%2CN%3Bcompression%2C16.0.0%2CN%3Bsocialservices%2C17.5.4%2CN%3Bui%2C17.6.0%2CN%3Bb24connector%2C17.5.0%2CN%3Blanding%2C18.3.0%2CN%3Bnsandrey.emptyinstall%2C1.0.5%2CN%3Bseo%2C18.0.0%2CN%3Btranslate%2C16.0.0%2CN%3Bclouds%2C17.0.2%2CN&reqm=bitrix.sitecorporate%2Cnsandrey.emptyinstall&fullmoduleinfo=Y&SUPD_SRS=RU&SUPD_CMP=N
2018-08-16 09:31:24 -  - exec CUpdateClientPartner::GetHTTPPage
2018-08-16 09:31:25 -  - TIME GetUpdatesList(request) 0.459 sec
2018-08-16 09:31:25 -  - exec CUpdateClientPartner::ParseServerData
2018-08-16 09:31:25 -  - exec CUpdateClientPartner::__CollectRequestData
2018-08-16 09:31:25 -  - exec CUpdateClientPartner::GetHTTPPage
2018-08-16 09:31:25 -  - exec CUpdateClientPartner::ParseServerData
2018-08-17 10:43:35 -  - exec CUpdateClientPartner::__CollectRequestData
2018-08-17 10:43:35 -  - exec CUpdateClientPartner::GetHTTPPage
2018-08-17 10:43:35 -  - exec CUpdateClientPartner::ParseServerData
2018-08-17 10:43:35 -  - exec CUpdateClientPartner::GetUpdatesList
2018-08-17 10:43:35 -  - exec CUpdateClientPartner::__CollectRequestData
2018-08-17 10:43:35 -  - utf=Y&lang=ru&stable=Y&CANGZIP=Y&SUPD_DBS=MYSQL&XE=N&CLIENT_SITE=clinic.cu41147.tmweb.ru&LICENSE_KEY=X&SUPD_STS=1&SUPD_URS=0&SUPD_URSA=1&TYPENC=D&CLIENT_PHPVER=5.6.37&NGINX=Y&dbv=5.6.39&instm=main%2C18.0.0%2CY%3Bhighloadblock%2C17.5.0%2CN%3Bmessageservice%2C18.0.0%2CN%3Bfileman%2C17.5.12%2CN%3Bperfmon%2C17.0.1%2CN%3Brest%2C18.0.0%2CN%3Biblock%2C17.6.3%2CN%3Bsearch%2C17.5.1%2CN%3Bbitrixcloud%2C17.5.0%2CN%3Bbitrix.sitecorporate%2C15.5.0%2CN%3Bcompression%2C16.0.0%2CN%3Bsocialservices%2C17.5.4%2CN%3Bui%2C17.6.0%2CN%3Bb24connector%2C17.5.0%2CN%3Blanding%2C18.3.0%2CN%3Bnsandrey.emptyinstall%2C1.0.5%2CN%3Bseo%2C18.0.0%2CN%3Btranslate%2C16.0.0%2CN%3Bclouds%2C17.0.2%2CN&reqm=bitrix.sitecorporate%2Cnsandrey.emptyinstall&fullmoduleinfo=Y&SUPD_SRS=RU&SUPD_CMP=N
2018-08-17 10:43:35 -  - exec CUpdateClientPartner::GetHTTPPage
2018-08-17 10:43:35 -  - TIME GetUpdatesList(request) 0.27 sec
2018-08-17 10:43:35 -  - exec CUpdateClientPartner::ParseServerData
2018-08-17 10:43:35 -  - exec CUpdateClientPartner::__CollectRequestData
2018-08-17 10:43:35 -  - exec CUpdateClientPartner::GetHTTPPage
2018-08-17 10:43:36 -  - exec CUpdateClientPartner::ParseServerData
2018-08-18 22:30:04 -  - exec CUpdateClientPartner::__CollectRequestData
2018-08-18 22:30:04 -  - exec CUpdateClientPartner::GetHTTPPage
2018-08-18 22:30:04 -  - exec CUpdateClientPartner::ParseServerData
2018-08-18 22:30:04 -  - exec CUpdateClientPartner::GetUpdatesList
2018-08-18 22:30:04 -  - exec CUpdateClientPartner::__CollectRequestData
2018-08-18 22:30:04 -  - utf=Y&lang=ru&stable=Y&CANGZIP=Y&SUPD_DBS=MYSQL&XE=N&CLIENT_SITE=clinic.cu41147.tmweb.ru&LICENSE_KEY=X&SUPD_STS=1&SUPD_URS=0&SUPD_URSA=1&TYPENC=D&CLIENT_PHPVER=5.6.37&NGINX=Y&dbv=5.6.39&instm=main%2C18.0.0%2CY%3Bhighloadblock%2C17.5.0%2CN%3Bmessageservice%2C18.0.0%2CN%3Bfileman%2C17.5.12%2CN%3Bperfmon%2C17.0.1%2CN%3Brest%2C18.0.0%2CN%3Biblock%2C17.6.3%2CN%3Bsearch%2C17.5.1%2CN%3Bbitrixcloud%2C17.5.0%2CN%3Bbitrix.sitecorporate%2C15.5.0%2CN%3Bcompression%2C16.0.0%2CN%3Bsocialservices%2C17.5.4%2CN%3Bui%2C17.6.0%2CN%3Bb24connector%2C17.5.0%2CN%3Blanding%2C18.3.0%2CN%3Bnsandrey.emptyinstall%2C1.0.5%2CN%3Bseo%2C18.0.0%2CN%3Btranslate%2C16.0.0%2CN%3Bclouds%2C17.0.2%2CN&reqm=bitrix.sitecorporate%2Cnsandrey.emptyinstall&fullmoduleinfo=Y&SUPD_SRS=RU&SUPD_CMP=N
2018-08-18 22:30:04 -  - exec CUpdateClientPartner::GetHTTPPage
2018-08-18 22:30:04 -  - TIME GetUpdatesList(request) 0.316 sec
2018-08-18 22:30:04 -  - exec CUpdateClientPartner::ParseServerData
2018-08-18 22:30:04 -  - exec CUpdateClientPartner::__CollectRequestData
2018-08-18 22:30:04 -  - exec CUpdateClientPartner::GetHTTPPage
2018-08-18 22:30:05 -  - exec CUpdateClientPartner::ParseServerData
2018-08-19 23:16:17 -  - exec CUpdateClientPartner::__CollectRequestData
2018-08-19 23:16:17 -  - exec CUpdateClientPartner::GetHTTPPage
2018-08-19 23:16:17 -  - exec CUpdateClientPartner::ParseServerData
2018-08-19 23:16:17 -  - exec CUpdateClientPartner::GetUpdatesList
2018-08-19 23:16:17 -  - exec CUpdateClientPartner::__CollectRequestData
2018-08-19 23:16:17 -  - utf=Y&lang=ru&stable=Y&CANGZIP=Y&SUPD_DBS=MYSQL&XE=N&CLIENT_SITE=clinic.cu41147.tmweb.ru&LICENSE_KEY=X&SUPD_STS=1&SUPD_URS=0&SUPD_URSA=1&TYPENC=D&CLIENT_PHPVER=5.6.37&NGINX=Y&dbv=5.6.39&instm=main%2C18.0.0%2CY%3Bhighloadblock%2C17.5.0%2CN%3Bmessageservice%2C18.0.0%2CN%3Bfileman%2C17.5.12%2CN%3Bperfmon%2C17.0.1%2CN%3Brest%2C18.0.0%2CN%3Biblock%2C17.6.3%2CN%3Bsearch%2C17.5.1%2CN%3Bbitrixcloud%2C17.5.0%2CN%3Bbitrix.sitecorporate%2C15.5.0%2CN%3Bcompression%2C16.0.0%2CN%3Bsocialservices%2C17.5.4%2CN%3Bui%2C17.6.0%2CN%3Bb24connector%2C17.5.0%2CN%3Blanding%2C18.3.0%2CN%3Bnsandrey.emptyinstall%2C1.0.5%2CN%3Bseo%2C18.0.0%2CN%3Btranslate%2C16.0.0%2CN%3Bclouds%2C17.0.2%2CN&reqm=bitrix.sitecorporate%2Cnsandrey.emptyinstall&fullmoduleinfo=Y&SUPD_SRS=RU&SUPD_CMP=N
2018-08-19 23:16:17 -  - exec CUpdateClientPartner::GetHTTPPage
2018-08-19 23:16:17 -  - TIME GetUpdatesList(request) 0.25 sec
2018-08-19 23:16:17 -  - exec CUpdateClientPartner::ParseServerData
2018-08-19 23:16:17 -  - exec CUpdateClientPartner::__CollectRequestData
2018-08-19 23:16:17 -  - exec CUpdateClientPartner::GetHTTPPage
2018-08-19 23:16:17 -  - exec CUpdateClientPartner::ParseServerData
2018-08-21 22:42:26 -  - exec CUpdateClientPartner::__CollectRequestData
2018-08-21 22:42:26 -  - exec CUpdateClientPartner::GetHTTPPage
2018-08-21 22:42:26 -  - exec CUpdateClientPartner::ParseServerData
2018-08-21 22:42:26 -  - exec CUpdateClientPartner::GetUpdatesList
2018-08-21 22:42:26 -  - exec CUpdateClientPartner::__CollectRequestData
2018-08-21 22:42:26 -  - utf=Y&lang=ru&stable=Y&CANGZIP=Y&SUPD_DBS=MYSQL&XE=N&CLIENT_SITE=clinic.cu41147.tmweb.ru&LICENSE_KEY=X&SUPD_STS=1&SUPD_URS=0&SUPD_URSA=1&TYPENC=D&CLIENT_PHPVER=5.6.37&NGINX=Y&dbv=5.6.39&instm=main%2C18.0.0%2CY%3Bhighloadblock%2C17.5.0%2CN%3Bmessageservice%2C18.0.0%2CN%3Bfileman%2C17.5.12%2CN%3Bperfmon%2C17.0.1%2CN%3Brest%2C18.0.0%2CN%3Biblock%2C17.6.3%2CN%3Bsearch%2C17.5.1%2CN%3Bbitrixcloud%2C17.5.0%2CN%3Bbitrix.sitecorporate%2C15.5.0%2CN%3Bcompression%2C16.0.0%2CN%3Bsocialservices%2C17.5.4%2CN%3Bui%2C17.6.0%2CN%3Bb24connector%2C17.5.0%2CN%3Blanding%2C18.3.0%2CN%3Bnsandrey.emptyinstall%2C1.0.5%2CN%3Bseo%2C18.0.0%2CN%3Btranslate%2C16.0.0%2CN%3Bclouds%2C17.0.2%2CN&reqm=bitrix.sitecorporate%2Cnsandrey.emptyinstall&fullmoduleinfo=Y&SUPD_SRS=RU&SUPD_CMP=N
2018-08-21 22:42:26 -  - exec CUpdateClientPartner::GetHTTPPage
2018-08-21 22:42:26 -  - TIME GetUpdatesList(request) 0.244 sec
2018-08-21 22:42:26 -  - exec CUpdateClientPartner::ParseServerData
2018-08-21 22:42:26 -  - exec CUpdateClientPartner::__CollectRequestData
2018-08-21 22:42:26 -  - exec CUpdateClientPartner::GetHTTPPage
2018-08-21 22:42:26 -  - exec CUpdateClientPartner::ParseServerData
2018-08-23 09:18:40 -  - exec CUpdateClientPartner::__CollectRequestData
2018-08-23 09:18:40 -  - exec CUpdateClientPartner::GetHTTPPage
2018-08-23 09:18:41 -  - exec CUpdateClientPartner::ParseServerData
2018-08-23 09:18:41 -  - exec CUpdateClientPartner::GetUpdatesList
2018-08-23 09:18:41 -  - exec CUpdateClientPartner::__CollectRequestData
2018-08-23 09:18:41 -  - utf=Y&lang=ru&stable=Y&CANGZIP=Y&SUPD_DBS=MYSQL&XE=N&CLIENT_SITE=clinic.cu41147.tmweb.ru&LICENSE_KEY=X&SUPD_STS=1&SUPD_URS=0&SUPD_URSA=1&TYPENC=D&CLIENT_PHPVER=5.6.37&NGINX=Y&dbv=5.6.39&instm=main%2C18.0.0%2CY%3Bhighloadblock%2C17.5.0%2CN%3Bmessageservice%2C18.0.0%2CN%3Bfileman%2C17.5.12%2CN%3Bperfmon%2C17.0.1%2CN%3Brest%2C18.0.0%2CN%3Biblock%2C17.6.3%2CN%3Bsearch%2C17.5.1%2CN%3Bbitrixcloud%2C17.5.0%2CN%3Bbitrix.sitecorporate%2C15.5.0%2CN%3Bcompression%2C16.0.0%2CN%3Bsocialservices%2C17.5.4%2CN%3Bui%2C17.6.0%2CN%3Bb24connector%2C17.5.0%2CN%3Blanding%2C18.3.0%2CN%3Bnsandrey.emptyinstall%2C1.0.5%2CN%3Bseo%2C18.0.0%2CN%3Btranslate%2C16.0.0%2CN%3Bclouds%2C17.0.2%2CN&reqm=bitrix.sitecorporate%2Cnsandrey.emptyinstall&fullmoduleinfo=Y&SUPD_SRS=RU&SUPD_CMP=N
2018-08-23 09:18:41 -  - exec CUpdateClientPartner::GetHTTPPage
2018-08-23 09:18:41 -  - TIME GetUpdatesList(request) 0.272 sec
2018-08-23 09:18:41 -  - exec CUpdateClientPartner::ParseServerData
2018-08-23 09:18:41 -  - exec CUpdateClientPartner::__CollectRequestData
2018-08-23 09:18:41 -  - exec CUpdateClientPartner::GetHTTPPage
2018-08-23 09:18:41 -  - exec CUpdateClientPartner::ParseServerData
2018-08-24 10:24:04 -  - exec CUpdateClientPartner::__CollectRequestData
2018-08-24 10:24:04 -  - exec CUpdateClientPartner::GetHTTPPage
2018-08-24 10:24:04 -  - exec CUpdateClientPartner::ParseServerData
2018-08-24 10:24:04 -  - exec CUpdateClientPartner::GetUpdatesList
2018-08-24 10:24:04 -  - exec CUpdateClientPartner::__CollectRequestData
2018-08-24 10:24:04 -  - utf=Y&lang=ru&stable=Y&CANGZIP=Y&SUPD_DBS=MYSQL&XE=N&CLIENT_SITE=clinic.cu41147.tmweb.ru&LICENSE_KEY=X&SUPD_STS=1&SUPD_URS=0&SUPD_URSA=1&TYPENC=D&CLIENT_PHPVER=5.6.37&NGINX=Y&dbv=5.6.39&instm=main%2C18.0.0%2CY%3Bhighloadblock%2C17.5.0%2CN%3Bmessageservice%2C18.0.0%2CN%3Bfileman%2C17.5.12%2CN%3Bperfmon%2C17.0.1%2CN%3Brest%2C18.0.0%2CN%3Biblock%2C17.6.3%2CN%3Bsearch%2C17.5.1%2CN%3Bbitrixcloud%2C17.5.0%2CN%3Bbitrix.sitecorporate%2C15.5.0%2CN%3Bcompression%2C16.0.0%2CN%3Bsocialservices%2C17.5.4%2CN%3Bui%2C17.6.0%2CN%3Bb24connector%2C17.5.0%2CN%3Blanding%2C18.3.0%2CN%3Bnsandrey.emptyinstall%2C1.0.5%2CN%3Bseo%2C18.0.0%2CN%3Btranslate%2C16.0.0%2CN%3Bclouds%2C17.0.2%2CN&reqm=bitrix.sitecorporate%2Cnsandrey.emptyinstall&fullmoduleinfo=Y&SUPD_SRS=RU&SUPD_CMP=N
2018-08-24 10:24:04 -  - exec CUpdateClientPartner::GetHTTPPage
2018-08-24 10:24:04 -  - TIME GetUpdatesList(request) 0.251 sec
2018-08-24 10:24:04 -  - exec CUpdateClientPartner::ParseServerData
2018-08-24 10:24:04 -  - exec CUpdateClientPartner::__CollectRequestData
2018-08-24 10:24:04 -  - exec CUpdateClientPartner::GetHTTPPage
2018-08-24 10:24:05 -  - exec CUpdateClientPartner::ParseServerData
2018-08-26 19:30:32 -  - exec CUpdateClientPartner::__CollectRequestData
2018-08-26 19:30:32 -  - exec CUpdateClientPartner::GetHTTPPage
2018-08-26 19:30:32 -  - exec CUpdateClientPartner::ParseServerData
2018-08-26 19:30:32 -  - exec CUpdateClientPartner::GetUpdatesList
2018-08-26 19:30:32 -  - exec CUpdateClientPartner::__CollectRequestData
2018-08-26 19:30:32 -  - utf=Y&lang=ru&stable=Y&CANGZIP=Y&SUPD_DBS=MYSQL&XE=N&CLIENT_SITE=clinic.cu41147.tmweb.ru&LICENSE_KEY=X&SUPD_STS=1&SUPD_URS=0&SUPD_URSA=1&TYPENC=D&CLIENT_PHPVER=5.6.37&NGINX=Y&dbv=5.6.39&instm=main%2C18.0.0%2CY%3Bhighloadblock%2C17.5.0%2CN%3Bmessageservice%2C18.0.0%2CN%3Bfileman%2C17.5.12%2CN%3Bperfmon%2C17.0.1%2CN%3Brest%2C18.0.0%2CN%3Biblock%2C17.6.3%2CN%3Bsearch%2C17.5.1%2CN%3Bbitrixcloud%2C17.5.0%2CN%3Bbitrix.sitecorporate%2C15.5.0%2CN%3Bcompression%2C16.0.0%2CN%3Bsocialservices%2C17.5.4%2CN%3Bui%2C17.6.0%2CN%3Bb24connector%2C17.5.0%2CN%3Blanding%2C18.3.0%2CN%3Bnsandrey.emptyinstall%2C1.0.5%2CN%3Bseo%2C18.0.0%2CN%3Btranslate%2C16.0.0%2CN%3Bclouds%2C17.0.2%2CN&reqm=bitrix.sitecorporate%2Cnsandrey.emptyinstall&fullmoduleinfo=Y&SUPD_SRS=RU&SUPD_CMP=N
2018-08-26 19:30:32 -  - exec CUpdateClientPartner::GetHTTPPage
2018-08-26 19:30:32 -  - TIME GetUpdatesList(request) 0.254 sec
2018-08-26 19:30:32 -  - exec CUpdateClientPartner::ParseServerData
2018-08-26 19:30:32 -  - exec CUpdateClientPartner::__CollectRequestData
2018-08-26 19:30:32 -  - exec CUpdateClientPartner::GetHTTPPage
2018-08-26 19:30:33 -  - exec CUpdateClientPartner::ParseServerData
2018-08-28 11:36:27 -  - exec CUpdateClientPartner::__CollectRequestData
2018-08-28 11:36:27 -  - exec CUpdateClientPartner::GetHTTPPage
2018-08-28 11:36:28 -  - exec CUpdateClientPartner::ParseServerData
2018-08-28 11:36:28 -  - exec CUpdateClientPartner::GetUpdatesList
2018-08-28 11:36:28 -  - exec CUpdateClientPartner::__CollectRequestData
2018-08-28 11:36:28 -  - utf=Y&lang=ru&stable=Y&CANGZIP=Y&SUPD_DBS=MYSQL&XE=N&CLIENT_SITE=clinic.cu41147.tmweb.ru&LICENSE_KEY=X&SUPD_STS=1&SUPD_URS=0&SUPD_URSA=1&TYPENC=D&CLIENT_PHPVER=5.6.37&NGINX=Y&dbv=5.6.39&instm=main%2C18.0.0%2CY%3Bhighloadblock%2C17.5.0%2CN%3Bmessageservice%2C18.0.0%2CN%3Bfileman%2C17.5.12%2CN%3Bperfmon%2C17.0.1%2CN%3Brest%2C18.0.0%2CN%3Biblock%2C17.6.3%2CN%3Bsearch%2C17.5.1%2CN%3Bbitrixcloud%2C17.5.0%2CN%3Bbitrix.sitecorporate%2C15.5.0%2CN%3Bcompression%2C16.0.0%2CN%3Bsocialservices%2C17.5.4%2CN%3Bui%2C17.6.0%2CN%3Bb24connector%2C17.5.0%2CN%3Blanding%2C18.3.0%2CN%3Bnsandrey.emptyinstall%2C1.0.5%2CN%3Bseo%2C18.0.0%2CN%3Btranslate%2C16.0.0%2CN%3Bclouds%2C17.0.2%2CN&reqm=bitrix.sitecorporate%2Cnsandrey.emptyinstall&fullmoduleinfo=Y&SUPD_SRS=RU&SUPD_CMP=N
2018-08-28 11:36:28 -  - exec CUpdateClientPartner::GetHTTPPage
2018-08-28 11:36:28 -  - TIME GetUpdatesList(request) 0.273 sec
2018-08-28 11:36:28 -  - exec CUpdateClientPartner::ParseServerData
2018-08-28 11:36:28 -  - exec CUpdateClientPartner::__CollectRequestData
2018-08-28 11:36:28 -  - exec CUpdateClientPartner::GetHTTPPage
2018-08-28 11:36:28 -  - exec CUpdateClientPartner::ParseServerData
2018-08-30 10:17:33 -  - exec CUpdateClientPartner::__CollectRequestData
2018-08-30 10:17:33 -  - exec CUpdateClientPartner::GetHTTPPage
2018-08-30 10:17:33 -  - exec CUpdateClientPartner::ParseServerData
2018-08-30 10:17:33 -  - exec CUpdateClientPartner::GetUpdatesList
2018-08-30 10:17:33 -  - exec CUpdateClientPartner::__CollectRequestData
2018-08-30 10:17:33 -  - utf=Y&lang=ru&stable=Y&CANGZIP=Y&SUPD_DBS=MYSQL&XE=N&CLIENT_SITE=clinic.cu41147.tmweb.ru&LICENSE_KEY=X&SUPD_STS=1&SUPD_URS=0&SUPD_URSA=1&TYPENC=D&CLIENT_PHPVER=5.6.37&NGINX=Y&dbv=5.6.39&instm=main%2C18.0.0%2CY%3Bhighloadblock%2C17.5.0%2CN%3Bmessageservice%2C18.0.0%2CN%3Bfileman%2C17.5.12%2CN%3Bperfmon%2C17.0.1%2CN%3Brest%2C18.0.0%2CN%3Biblock%2C17.6.3%2CN%3Bsearch%2C17.5.1%2CN%3Bbitrixcloud%2C17.5.0%2CN%3Bbitrix.sitecorporate%2C15.5.0%2CN%3Bcompression%2C16.0.0%2CN%3Bsocialservices%2C17.5.4%2CN%3Bui%2C17.6.0%2CN%3Bb24connector%2C17.5.0%2CN%3Blanding%2C18.3.0%2CN%3Bnsandrey.emptyinstall%2C1.0.5%2CN%3Bseo%2C18.0.0%2CN%3Btranslate%2C16.0.0%2CN%3Bclouds%2C17.0.2%2CN&reqm=bitrix.sitecorporate%2Cnsandrey.emptyinstall&fullmoduleinfo=Y&SUPD_SRS=RU&SUPD_CMP=N
2018-08-30 10:17:33 -  - exec CUpdateClientPartner::GetHTTPPage
2018-08-30 10:17:34 -  - TIME GetUpdatesList(request) 0.236 sec
2018-08-30 10:17:34 -  - exec CUpdateClientPartner::ParseServerData
2018-08-30 10:17:34 -  - exec CUpdateClientPartner::__CollectRequestData
2018-08-30 10:17:34 -  - exec CUpdateClientPartner::GetHTTPPage
2018-08-30 10:17:34 -  - exec CUpdateClientPartner::ParseServerData
2018-08-31 17:49:48 -  - exec CUpdateClientPartner::__CollectRequestData
2018-08-31 17:49:48 -  - exec CUpdateClientPartner::GetHTTPPage
2018-08-31 17:49:48 -  - exec CUpdateClientPartner::ParseServerData
2018-08-31 17:49:48 -  - exec CUpdateClientPartner::GetUpdatesList
2018-08-31 17:49:48 -  - exec CUpdateClientPartner::__CollectRequestData
2018-08-31 17:49:48 -  - utf=Y&lang=ru&stable=Y&CANGZIP=Y&SUPD_DBS=MYSQL&XE=N&CLIENT_SITE=clinic.cu41147.tmweb.ru&LICENSE_KEY=X&SUPD_STS=1&SUPD_URS=0&SUPD_URSA=1&TYPENC=D&CLIENT_PHPVER=5.6.37&NGINX=Y&dbv=5.6.39&instm=main%2C18.0.0%2CY%3Bhighloadblock%2C17.5.0%2CN%3Bmessageservice%2C18.0.0%2CN%3Bfileman%2C17.5.12%2CN%3Bperfmon%2C17.0.1%2CN%3Brest%2C18.0.0%2CN%3Biblock%2C17.6.3%2CN%3Bsearch%2C17.5.1%2CN%3Bbitrixcloud%2C17.5.0%2CN%3Bbitrix.sitecorporate%2C15.5.0%2CN%3Bcompression%2C16.0.0%2CN%3Bsocialservices%2C17.5.4%2CN%3Bui%2C17.6.0%2CN%3Bb24connector%2C17.5.0%2CN%3Blanding%2C18.3.0%2CN%3Bnsandrey.emptyinstall%2C1.0.5%2CN%3Bseo%2C18.0.0%2CN%3Btranslate%2C16.0.0%2CN%3Bclouds%2C17.0.2%2CN&reqm=bitrix.sitecorporate%2Cnsandrey.emptyinstall&fullmoduleinfo=Y&SUPD_SRS=RU&SUPD_CMP=N
2018-08-31 17:49:48 -  - exec CUpdateClientPartner::GetHTTPPage
2018-08-31 17:49:49 -  - TIME GetUpdatesList(request) 0.192 sec
2018-08-31 17:49:49 -  - exec CUpdateClientPartner::ParseServerData
2018-08-31 17:49:49 -  - exec CUpdateClientPartner::__CollectRequestData
2018-08-31 17:49:49 -  - exec CUpdateClientPartner::GetHTTPPage
2018-08-31 17:49:49 -  - exec CUpdateClientPartner::ParseServerData
2018-09-02 17:41:55 -  - exec CUpdateClientPartner::__CollectRequestData
2018-09-02 17:41:55 -  - exec CUpdateClientPartner::GetHTTPPage
2018-09-02 17:41:56 -  - exec CUpdateClientPartner::ParseServerData
2018-09-02 17:41:56 -  - exec CUpdateClientPartner::GetUpdatesList
2018-09-02 17:41:56 -  - exec CUpdateClientPartner::__CollectRequestData
2018-09-02 17:41:56 -  - utf=Y&lang=ru&stable=Y&CANGZIP=Y&SUPD_DBS=MYSQL&XE=N&CLIENT_SITE=clinic.cu41147.tmweb.ru&LICENSE_KEY=X&SUPD_STS=1&SUPD_URS=0&SUPD_URSA=1&TYPENC=D&CLIENT_PHPVER=5.6.37&NGINX=Y&dbv=5.6.39&instm=main%2C18.0.0%2CY%3Bhighloadblock%2C17.5.0%2CN%3Bmessageservice%2C18.0.0%2CN%3Bfileman%2C17.5.12%2CN%3Bperfmon%2C17.0.1%2CN%3Brest%2C18.0.0%2CN%3Biblock%2C17.6.3%2CN%3Bsearch%2C17.5.1%2CN%3Bbitrixcloud%2C17.5.0%2CN%3Bbitrix.sitecorporate%2C15.5.0%2CN%3Bcompression%2C16.0.0%2CN%3Bsocialservices%2C17.5.4%2CN%3Bui%2C17.6.0%2CN%3Bb24connector%2C17.5.0%2CN%3Blanding%2C18.3.0%2CN%3Bnsandrey.emptyinstall%2C1.0.5%2CN%3Bseo%2C18.0.0%2CN%3Btranslate%2C16.0.0%2CN%3Bclouds%2C17.0.2%2CN&reqm=bitrix.sitecorporate%2Cnsandrey.emptyinstall&fullmoduleinfo=Y&SUPD_SRS=RU&SUPD_CMP=N
2018-09-02 17:41:56 -  - exec CUpdateClientPartner::GetHTTPPage
2018-09-02 17:41:56 -  - TIME GetUpdatesList(request) 0.188 sec
2018-09-02 17:41:56 -  - exec CUpdateClientPartner::ParseServerData
2018-09-02 17:41:56 -  - exec CUpdateClientPartner::__CollectRequestData
2018-09-02 17:41:56 -  - exec CUpdateClientPartner::GetHTTPPage
2018-09-02 17:41:56 -  - exec CUpdateClientPartner::ParseServerData
2018-09-05 10:44:42 -  - exec CUpdateClientPartner::__CollectRequestData
2018-09-05 10:44:42 -  - exec CUpdateClientPartner::GetHTTPPage
2018-09-05 10:44:42 -  - exec CUpdateClientPartner::ParseServerData
2018-09-05 10:44:42 -  - exec CUpdateClientPartner::GetUpdatesList
2018-09-05 10:44:42 -  - exec CUpdateClientPartner::__CollectRequestData
2018-09-05 10:44:42 -  - utf=Y&lang=ru&stable=Y&CANGZIP=Y&SUPD_DBS=MYSQL&XE=N&CLIENT_SITE=clinic.cu41147.tmweb.ru&LICENSE_KEY=X&SUPD_STS=1&SUPD_URS=0&SUPD_URSA=1&TYPENC=D&CLIENT_PHPVER=5.6.37&NGINX=Y&dbv=5.6.39&instm=main%2C18.0.0%2CY%3Bhighloadblock%2C17.5.0%2CN%3Bmessageservice%2C18.0.0%2CN%3Bfileman%2C17.5.12%2CN%3Bperfmon%2C17.0.1%2CN%3Brest%2C18.0.0%2CN%3Biblock%2C17.6.3%2CN%3Bsearch%2C17.5.1%2CN%3Bbitrixcloud%2C17.5.0%2CN%3Bbitrix.sitecorporate%2C15.5.0%2CN%3Bcompression%2C16.0.0%2CN%3Bsocialservices%2C17.5.4%2CN%3Bui%2C17.6.0%2CN%3Bb24connector%2C17.5.0%2CN%3Blanding%2C18.3.0%2CN%3Bnsandrey.emptyinstall%2C1.0.5%2CN%3Bseo%2C18.0.0%2CN%3Btranslate%2C16.0.0%2CN%3Bclouds%2C17.0.2%2CN&reqm=bitrix.sitecorporate%2Cnsandrey.emptyinstall&fullmoduleinfo=Y&SUPD_SRS=RU&SUPD_CMP=N
2018-09-05 10:44:42 -  - exec CUpdateClientPartner::GetHTTPPage
2018-09-05 10:44:43 -  - TIME GetUpdatesList(request) 0.205 sec
2018-09-05 10:44:43 -  - exec CUpdateClientPartner::ParseServerData
2018-09-05 10:44:43 -  - exec CUpdateClientPartner::__CollectRequestData
2018-09-05 10:44:43 -  - exec CUpdateClientPartner::GetHTTPPage
2018-09-05 10:44:43 -  - exec CUpdateClientPartner::ParseServerData
2018-09-11 08:02:56 -  - exec CUpdateClientPartner::__CollectRequestData
2018-09-11 08:02:56 -  - exec CUpdateClientPartner::GetHTTPPage
2018-09-11 08:02:57 -  - exec CUpdateClientPartner::ParseServerData
2018-09-11 08:02:57 -  - exec CUpdateClientPartner::GetUpdatesList
2018-09-11 08:02:57 -  - exec CUpdateClientPartner::__CollectRequestData
2018-09-11 08:02:57 -  - utf=Y&lang=ru&stable=Y&CANGZIP=Y&SUPD_DBS=MYSQL&XE=N&CLIENT_SITE=clinic.cu41147.tmweb.ru&LICENSE_KEY=X&SUPD_STS=1&SUPD_URS=0&SUPD_URSA=1&TYPENC=D&CLIENT_PHPVER=5.6.37&NGINX=Y&dbv=5.6.39&instm=main%2C18.0.0%2CY%3Bhighloadblock%2C17.5.0%2CN%3Bmessageservice%2C18.0.0%2CN%3Bfileman%2C17.5.12%2CN%3Bperfmon%2C17.0.1%2CN%3Brest%2C18.0.0%2CN%3Biblock%2C17.6.3%2CN%3Bsearch%2C17.5.1%2CN%3Bbitrixcloud%2C17.5.0%2CN%3Bbitrix.sitecorporate%2C15.5.0%2CN%3Bcompression%2C16.0.0%2CN%3Bsocialservices%2C17.5.4%2CN%3Bui%2C17.6.0%2CN%3Bb24connector%2C17.5.0%2CN%3Blanding%2C18.3.0%2CN%3Bnsandrey.emptyinstall%2C1.0.5%2CN%3Bseo%2C18.0.0%2CN%3Btranslate%2C16.0.0%2CN%3Bclouds%2C17.0.2%2CN&reqm=bitrix.sitecorporate%2Cnsandrey.emptyinstall&fullmoduleinfo=Y&SUPD_SRS=RU&SUPD_CMP=N
2018-09-11 08:02:57 -  - exec CUpdateClientPartner::GetHTTPPage
2018-09-11 08:02:57 -  - TIME GetUpdatesList(request) 0.201 sec
2018-09-11 08:02:57 -  - exec CUpdateClientPartner::ParseServerData
2018-09-11 08:02:57 -  - exec CUpdateClientPartner::__CollectRequestData
2018-09-11 08:02:57 -  - exec CUpdateClientPartner::GetHTTPPage
2018-09-11 08:02:57 -  - exec CUpdateClientPartner::ParseServerData
2018-09-12 08:51:31 -  - exec CUpdateClientPartner::__CollectRequestData
2018-09-12 08:51:31 -  - exec CUpdateClientPartner::GetHTTPPage
2018-09-12 08:51:31 -  - exec CUpdateClientPartner::ParseServerData
2018-09-12 08:51:31 -  - exec CUpdateClientPartner::GetUpdatesList
2018-09-12 08:51:31 -  - exec CUpdateClientPartner::__CollectRequestData
2018-09-12 08:51:31 -  - utf=Y&lang=ru&stable=Y&CANGZIP=Y&SUPD_DBS=MYSQL&XE=N&CLIENT_SITE=clinic.cu41147.tmweb.ru&LICENSE_KEY=X&SUPD_STS=1&SUPD_URS=0&SUPD_URSA=1&TYPENC=D&CLIENT_PHPVER=5.6.37&NGINX=Y&dbv=5.6.39&instm=main%2C18.0.0%2CY%3Bhighloadblock%2C17.5.0%2CN%3Bmessageservice%2C18.0.0%2CN%3Bfileman%2C17.5.12%2CN%3Bperfmon%2C17.0.1%2CN%3Brest%2C18.0.0%2CN%3Biblock%2C17.6.3%2CN%3Bsearch%2C17.5.1%2CN%3Bbitrixcloud%2C17.5.0%2CN%3Bbitrix.sitecorporate%2C15.5.0%2CN%3Bcompression%2C16.0.0%2CN%3Bsocialservices%2C17.5.4%2CN%3Bui%2C17.6.0%2CN%3Bb24connector%2C17.5.0%2CN%3Blanding%2C18.3.0%2CN%3Bnsandrey.emptyinstall%2C1.0.5%2CN%3Bseo%2C18.0.0%2CN%3Btranslate%2C16.0.0%2CN%3Bclouds%2C17.0.2%2CN&reqm=bitrix.sitecorporate%2Cnsandrey.emptyinstall&fullmoduleinfo=Y&SUPD_SRS=RU&SUPD_CMP=N
2018-09-12 08:51:31 -  - exec CUpdateClientPartner::GetHTTPPage
2018-09-12 08:51:31 -  - TIME GetUpdatesList(request) 0.212 sec
2018-09-12 08:51:31 -  - exec CUpdateClientPartner::ParseServerData
2018-09-12 08:51:31 -  - exec CUpdateClientPartner::__CollectRequestData
2018-09-12 08:51:31 -  - exec CUpdateClientPartner::GetHTTPPage
2018-09-12 08:51:31 -  - exec CUpdateClientPartner::ParseServerData
2018-09-13 09:12:39 -  - exec CUpdateClientPartner::__CollectRequestData
2018-09-13 09:12:39 -  - exec CUpdateClientPartner::GetHTTPPage
2018-09-13 09:12:39 -  - exec CUpdateClientPartner::ParseServerData
2018-09-13 09:12:39 -  - exec CUpdateClientPartner::GetUpdatesList
2018-09-13 09:12:39 -  - exec CUpdateClientPartner::__CollectRequestData
2018-09-13 09:12:39 -  - utf=Y&lang=ru&stable=Y&CANGZIP=Y&SUPD_DBS=MYSQL&XE=N&CLIENT_SITE=clinic.cu41147.tmweb.ru&LICENSE_KEY=X&SUPD_STS=1&SUPD_URS=0&SUPD_URSA=1&TYPENC=D&CLIENT_PHPVER=5.6.37&NGINX=Y&dbv=5.6.39&instm=main%2C18.0.0%2CY%3Bhighloadblock%2C17.5.0%2CN%3Bmessageservice%2C18.0.0%2CN%3Bfileman%2C17.5.12%2CN%3Bperfmon%2C17.0.1%2CN%3Brest%2C18.0.0%2CN%3Biblock%2C17.6.3%2CN%3Bsearch%2C17.5.1%2CN%3Bbitrixcloud%2C17.5.0%2CN%3Bbitrix.sitecorporate%2C15.5.0%2CN%3Bcompression%2C16.0.0%2CN%3Bsocialservices%2C17.5.4%2CN%3Bui%2C17.6.0%2CN%3Bb24connector%2C17.5.0%2CN%3Blanding%2C18.3.0%2CN%3Bnsandrey.emptyinstall%2C1.0.5%2CN%3Bseo%2C18.0.0%2CN%3Btranslate%2C16.0.0%2CN%3Bclouds%2C17.0.2%2CN&reqm=bitrix.sitecorporate%2Cnsandrey.emptyinstall&fullmoduleinfo=Y&SUPD_SRS=RU&SUPD_CMP=N
2018-09-13 09:12:39 -  - exec CUpdateClientPartner::GetHTTPPage
2018-09-13 09:12:40 -  - TIME GetUpdatesList(request) 0.233 sec
2018-09-13 09:12:40 -  - exec CUpdateClientPartner::ParseServerData
2018-09-13 09:12:40 -  - exec CUpdateClientPartner::__CollectRequestData
2018-09-13 09:12:40 -  - exec CUpdateClientPartner::GetHTTPPage
2018-09-13 09:12:40 -  - exec CUpdateClientPartner::ParseServerData
2018-09-19 12:17:35 -  - exec CUpdateClientPartner::__CollectRequestData
2018-09-19 12:17:35 -  - exec CUpdateClientPartner::GetHTTPPage
2018-09-19 12:17:35 -  - exec CUpdateClientPartner::ParseServerData
2018-09-19 12:17:35 -  - exec CUpdateClientPartner::GetUpdatesList
2018-09-19 12:17:35 -  - exec CUpdateClientPartner::__CollectRequestData
2018-09-19 12:17:35 -  - utf=Y&lang=ru&stable=Y&CANGZIP=Y&SUPD_DBS=MYSQL&XE=N&CLIENT_SITE=clinic.cu41147.tmweb.ru&LICENSE_KEY=X&SUPD_STS=1&SUPD_URS=0&SUPD_URSA=1&TYPENC=D&CLIENT_PHPVER=5.6.37&NGINX=Y&dbv=5.6.39&instm=main%2C18.0.0%2CY%3Bhighloadblock%2C17.5.0%2CN%3Bmessageservice%2C18.0.0%2CN%3Bfileman%2C17.5.12%2CN%3Bperfmon%2C17.0.1%2CN%3Brest%2C18.0.0%2CN%3Biblock%2C17.6.3%2CN%3Bsearch%2C17.5.1%2CN%3Bbitrixcloud%2C17.5.0%2CN%3Bbitrix.sitecorporate%2C15.5.0%2CN%3Bcompression%2C16.0.0%2CN%3Bsocialservices%2C17.5.4%2CN%3Bui%2C17.6.0%2CN%3Bb24connector%2C17.5.0%2CN%3Blanding%2C18.3.0%2CN%3Bnsandrey.emptyinstall%2C1.0.5%2CN%3Bseo%2C18.0.0%2CN%3Btranslate%2C16.0.0%2CN%3Bclouds%2C17.0.2%2CN&reqm=bitrix.sitecorporate%2Cnsandrey.emptyinstall&fullmoduleinfo=Y&SUPD_SRS=RU&SUPD_CMP=N
2018-09-19 12:17:35 -  - exec CUpdateClientPartner::GetHTTPPage
2018-09-19 12:17:35 -  - TIME GetUpdatesList(request) 0.218 sec
2018-09-19 12:17:35 -  - exec CUpdateClientPartner::ParseServerData
2018-09-19 12:17:35 -  - exec CUpdateClientPartner::__CollectRequestData
2018-09-19 12:17:35 -  - exec CUpdateClientPartner::GetHTTPPage
2018-09-19 12:17:35 -  - exec CUpdateClientPartner::ParseServerData
2018-09-20 12:19:02 -  - exec CUpdateClientPartner::__CollectRequestData
2018-09-20 12:19:02 -  - exec CUpdateClientPartner::GetHTTPPage
2018-09-20 12:19:02 -  - exec CUpdateClientPartner::ParseServerData
2018-09-20 12:19:02 -  - exec CUpdateClientPartner::GetUpdatesList
2018-09-20 12:19:02 -  - exec CUpdateClientPartner::__CollectRequestData
2018-09-20 12:19:02 -  - utf=Y&lang=ru&stable=Y&CANGZIP=Y&SUPD_DBS=MYSQL&XE=N&CLIENT_SITE=clinic.cu41147.tmweb.ru&LICENSE_KEY=X&SUPD_STS=1&SUPD_URS=0&SUPD_URSA=1&TYPENC=D&CLIENT_PHPVER=5.6.37&NGINX=Y&dbv=5.6.39&instm=main%2C18.0.0%2CY%3Bhighloadblock%2C17.5.0%2CN%3Bmessageservice%2C18.0.0%2CN%3Bfileman%2C17.5.12%2CN%3Bperfmon%2C17.0.1%2CN%3Brest%2C18.0.0%2CN%3Biblock%2C17.6.3%2CN%3Bsearch%2C17.5.1%2CN%3Bbitrixcloud%2C17.5.0%2CN%3Bbitrix.sitecorporate%2C15.5.0%2CN%3Bcompression%2C16.0.0%2CN%3Bsocialservices%2C17.5.4%2CN%3Bui%2C17.6.0%2CN%3Bb24connector%2C17.5.0%2CN%3Blanding%2C18.3.0%2CN%3Bnsandrey.emptyinstall%2C1.0.5%2CN%3Bseo%2C18.0.0%2CN%3Btranslate%2C16.0.0%2CN%3Bclouds%2C17.0.2%2CN&reqm=bitrix.sitecorporate%2Cnsandrey.emptyinstall&fullmoduleinfo=Y&SUPD_SRS=RU&SUPD_CMP=N
2018-09-20 12:19:02 -  - exec CUpdateClientPartner::GetHTTPPage
2018-09-20 12:19:02 -  - TIME GetUpdatesList(request) 0.29 sec
2018-09-20 12:19:02 -  - exec CUpdateClientPartner::ParseServerData
2018-09-20 12:19:02 -  - exec CUpdateClientPartner::__CollectRequestData
2018-09-20 12:19:02 -  - exec CUpdateClientPartner::GetHTTPPage
2018-09-20 12:19:03 -  - exec CUpdateClientPartner::ParseServerData
2018-09-21 12:28:32 -  - exec CUpdateClientPartner::__CollectRequestData
2018-09-21 12:28:32 -  - exec CUpdateClientPartner::GetHTTPPage
2018-09-21 12:28:33 -  - exec CUpdateClientPartner::ParseServerData
2018-09-21 12:28:33 -  - exec CUpdateClientPartner::GetUpdatesList
2018-09-21 12:28:33 -  - exec CUpdateClientPartner::__CollectRequestData
2018-09-21 12:28:33 -  - utf=Y&lang=ru&stable=Y&CANGZIP=Y&SUPD_DBS=MYSQL&XE=N&CLIENT_SITE=clinic.cu41147.tmweb.ru&LICENSE_KEY=X&SUPD_STS=1&SUPD_URS=0&SUPD_URSA=1&TYPENC=D&CLIENT_PHPVER=5.6.37&NGINX=Y&dbv=5.6.39&instm=main%2C18.0.0%2CY%3Bhighloadblock%2C17.5.0%2CN%3Bmessageservice%2C18.0.0%2CN%3Bfileman%2C17.5.12%2CN%3Bperfmon%2C17.0.1%2CN%3Brest%2C18.0.0%2CN%3Biblock%2C17.6.3%2CN%3Bsearch%2C17.5.1%2CN%3Bbitrixcloud%2C17.5.0%2CN%3Bbitrix.sitecorporate%2C15.5.0%2CN%3Bcompression%2C16.0.0%2CN%3Bsocialservices%2C17.5.4%2CN%3Bui%2C17.6.0%2CN%3Bb24connector%2C17.5.0%2CN%3Blanding%2C18.3.0%2CN%3Bnsandrey.emptyinstall%2C1.0.5%2CN%3Bseo%2C18.0.0%2CN%3Btranslate%2C16.0.0%2CN%3Bclouds%2C17.0.2%2CN&reqm=bitrix.sitecorporate%2Cnsandrey.emptyinstall&fullmoduleinfo=Y&SUPD_SRS=RU&SUPD_CMP=N
2018-09-21 12:28:33 -  - exec CUpdateClientPartner::GetHTTPPage
2018-09-21 12:28:33 -  - TIME GetUpdatesList(request) 0.215 sec
2018-09-21 12:28:33 -  - exec CUpdateClientPartner::ParseServerData
2018-09-21 12:28:33 -  - exec CUpdateClientPartner::__CollectRequestData
2018-09-21 12:28:33 -  - exec CUpdateClientPartner::GetHTTPPage
2018-09-21 12:28:33 -  - exec CUpdateClientPartner::ParseServerData
2018-09-21 12:28:33 -  - exec CUpdateClientPartner::__CollectRequestData
2018-09-21 12:28:33 -  - exec CUpdateClientPartner::GetHTTPPage
2018-09-21 12:28:33 -  - exec CUpdateClientPartner::ParseServerData
2018-09-21 12:28:33 -  - exec CUpdateClientPartner::GetUpdatesList
2018-09-21 12:28:33 -  - exec CUpdateClientPartner::__CollectRequestData
2018-09-21 12:28:33 -  - utf=Y&lang=ru&stable=Y&CANGZIP=Y&SUPD_DBS=MYSQL&XE=N&CLIENT_SITE=clinic.cu41147.tmweb.ru&LICENSE_KEY=X&SUPD_STS=1&SUPD_URS=0&SUPD_URSA=1&TYPENC=D&CLIENT_PHPVER=5.6.37&NGINX=Y&dbv=5.6.39&instm=main%2C18.0.0%2CY%3Bhighloadblock%2C17.5.0%2CN%3Bmessageservice%2C18.0.0%2CN%3Bfileman%2C17.5.12%2CN%3Bperfmon%2C17.0.1%2CN%3Brest%2C18.0.0%2CN%3Biblock%2C17.6.3%2CN%3Bsearch%2C17.5.1%2CN%3Bbitrixcloud%2C17.5.0%2CN%3Bbitrix.sitecorporate%2C15.5.0%2CN%3Bcompression%2C16.0.0%2CN%3Bsocialservices%2C17.5.4%2CN%3Bui%2C17.6.0%2CN%3Bb24connector%2C17.5.0%2CN%3Blanding%2C18.3.0%2CN%3Bnsandrey.emptyinstall%2C1.0.5%2CN%3Bseo%2C18.0.0%2CN%3Btranslate%2C16.0.0%2CN%3Bclouds%2C17.0.2%2CN&reqm=bitrix.sitecorporate%2Cnsandrey.emptyinstall&fullmoduleinfo=Y&SUPD_SRS=RU&SUPD_CMP=N
2018-09-21 12:28:33 -  - exec CUpdateClientPartner::GetHTTPPage
2018-09-21 12:28:34 -  - TIME GetUpdatesList(request) 0.245 sec
2018-09-21 12:28:34 -  - exec CUpdateClientPartner::ParseServerData
2018-09-21 12:28:34 -  - exec CUpdateClientPartner::__CollectRequestData
2018-09-21 12:28:34 -  - exec CUpdateClientPartner::GetHTTPPage
2018-09-21 12:28:34 -  - exec CUpdateClientPartner::ParseServerData
2018-09-24 07:03:16 -  - exec CUpdateClientPartner::__CollectRequestData
2018-09-24 07:03:16 -  - exec CUpdateClientPartner::GetHTTPPage
2018-09-24 07:03:16 -  - exec CUpdateClientPartner::ParseServerData
2018-09-24 07:03:16 -  - exec CUpdateClientPartner::GetUpdatesList
2018-09-24 07:03:16 -  - exec CUpdateClientPartner::__CollectRequestData
2018-09-24 07:03:16 -  - utf=Y&lang=ru&stable=Y&CANGZIP=Y&SUPD_DBS=MYSQL&XE=N&CLIENT_SITE=clinic.cu41147.tmweb.ru&LICENSE_KEY=X&SUPD_STS=1&SUPD_URS=0&SUPD_URSA=1&TYPENC=D&CLIENT_PHPVER=5.6.37&NGINX=Y&dbv=5.6.39&instm=main%2C18.0.0%2CY%3Bhighloadblock%2C17.5.0%2CN%3Bmessageservice%2C18.0.0%2CN%3Bfileman%2C17.5.12%2CN%3Bperfmon%2C17.0.1%2CN%3Brest%2C18.0.0%2CN%3Biblock%2C17.6.3%2CN%3Bsearch%2C17.5.1%2CN%3Bbitrixcloud%2C17.5.0%2CN%3Bbitrix.sitecorporate%2C15.5.0%2CN%3Bcompression%2C16.0.0%2CN%3Bsocialservices%2C17.5.4%2CN%3Bui%2C17.6.0%2CN%3Bb24connector%2C17.5.0%2CN%3Blanding%2C18.3.0%2CN%3Bnsandrey.emptyinstall%2C1.0.5%2CN%3Bseo%2C18.0.0%2CN%3Btranslate%2C16.0.0%2CN%3Bclouds%2C17.0.2%2CN&reqm=bitrix.sitecorporate%2Cnsandrey.emptyinstall&fullmoduleinfo=Y&SUPD_SRS=RU&SUPD_CMP=N
2018-09-24 07:03:16 -  - exec CUpdateClientPartner::GetHTTPPage
2018-09-24 07:03:16 -  - TIME GetUpdatesList(request) 0.202 sec
2018-09-24 07:03:16 -  - exec CUpdateClientPartner::ParseServerData
2018-09-24 07:03:16 -  - exec CUpdateClientPartner::__CollectRequestData
2018-09-24 07:03:16 -  - exec CUpdateClientPartner::GetHTTPPage
2018-09-24 07:03:17 -  - exec CUpdateClientPartner::ParseServerData
2018-09-25 07:41:08 -  - exec CUpdateClientPartner::__CollectRequestData
2018-09-25 07:41:08 -  - exec CUpdateClientPartner::GetHTTPPage
2018-09-25 07:41:08 -  - exec CUpdateClientPartner::ParseServerData
2018-09-25 07:41:08 -  - exec CUpdateClientPartner::GetUpdatesList
2018-09-25 07:41:08 -  - exec CUpdateClientPartner::__CollectRequestData
2018-09-25 07:41:08 -  - utf=Y&lang=ru&stable=Y&CANGZIP=Y&SUPD_DBS=MYSQL&XE=N&CLIENT_SITE=clinic.cu41147.tmweb.ru&LICENSE_KEY=X&SUPD_STS=1&SUPD_URS=0&SUPD_URSA=1&TYPENC=D&CLIENT_PHPVER=5.6.37&NGINX=Y&dbv=5.6.39&instm=main%2C18.0.0%2CY%3Bhighloadblock%2C17.5.0%2CN%3Bmessageservice%2C18.0.0%2CN%3Bfileman%2C17.5.12%2CN%3Bperfmon%2C17.0.1%2CN%3Brest%2C18.0.0%2CN%3Biblock%2C17.6.3%2CN%3Bsearch%2C17.5.1%2CN%3Bbitrixcloud%2C17.5.0%2CN%3Bbitrix.sitecorporate%2C15.5.0%2CN%3Bcompression%2C16.0.0%2CN%3Bsocialservices%2C17.5.4%2CN%3Bui%2C17.6.0%2CN%3Bb24connector%2C17.5.0%2CN%3Blanding%2C18.3.0%2CN%3Bnsandrey.emptyinstall%2C1.0.5%2CN%3Bseo%2C18.0.0%2CN%3Btranslate%2C16.0.0%2CN%3Bclouds%2C17.0.2%2CN&reqm=bitrix.sitecorporate%2Cnsandrey.emptyinstall&fullmoduleinfo=Y&SUPD_SRS=RU&SUPD_CMP=N
2018-09-25 07:41:08 -  - exec CUpdateClientPartner::GetHTTPPage
2018-09-25 07:41:08 -  - TIME GetUpdatesList(request) 0.188 sec
2018-09-25 07:41:08 -  - exec CUpdateClientPartner::ParseServerData
2018-09-25 07:41:08 -  - exec CUpdateClientPartner::__CollectRequestData
2018-09-25 07:41:08 -  - exec CUpdateClientPartner::GetHTTPPage
2018-09-25 07:41:08 -  - exec CUpdateClientPartner::ParseServerData
2018-09-26 09:08:25 -  - exec CUpdateClientPartner::__CollectRequestData
2018-09-26 09:08:25 -  - exec CUpdateClientPartner::GetHTTPPage
2018-09-26 09:08:25 -  - exec CUpdateClientPartner::ParseServerData
2018-09-26 09:08:25 -  - exec CUpdateClientPartner::GetUpdatesList
2018-09-26 09:08:25 -  - exec CUpdateClientPartner::__CollectRequestData
2018-09-26 09:08:25 -  - utf=Y&lang=ru&stable=Y&CANGZIP=Y&SUPD_DBS=MYSQL&XE=N&CLIENT_SITE=clinic.cu41147.tmweb.ru&LICENSE_KEY=X&SUPD_STS=1&SUPD_URS=0&SUPD_URSA=1&TYPENC=D&CLIENT_PHPVER=5.6.37&NGINX=Y&dbv=5.6.39&instm=main%2C18.0.0%2CY%3Bhighloadblock%2C17.5.0%2CN%3Bmessageservice%2C18.0.0%2CN%3Bfileman%2C17.5.12%2CN%3Bperfmon%2C17.0.1%2CN%3Brest%2C18.0.0%2CN%3Biblock%2C17.6.3%2CN%3Bsearch%2C17.5.1%2CN%3Bbitrixcloud%2C17.5.0%2CN%3Bbitrix.sitecorporate%2C15.5.0%2CN%3Bcompression%2C16.0.0%2CN%3Bsocialservices%2C17.5.4%2CN%3Bui%2C17.6.0%2CN%3Bb24connector%2C17.5.0%2CN%3Blanding%2C18.3.0%2CN%3Bnsandrey.emptyinstall%2C1.0.5%2CN%3Bseo%2C18.0.0%2CN%3Btranslate%2C16.0.0%2CN%3Bclouds%2C17.0.2%2CN&reqm=bitrix.sitecorporate%2Cnsandrey.emptyinstall&fullmoduleinfo=Y&SUPD_SRS=RU&SUPD_CMP=N
2018-09-26 09:08:25 -  - exec CUpdateClientPartner::GetHTTPPage
2018-09-26 09:08:25 -  - TIME GetUpdatesList(request) 0.196 sec
2018-09-26 09:08:25 -  - exec CUpdateClientPartner::ParseServerData
2018-09-26 09:08:25 -  - exec CUpdateClientPartner::__CollectRequestData
2018-09-26 09:08:25 -  - exec CUpdateClientPartner::GetHTTPPage
2018-09-26 09:08:26 -  - exec CUpdateClientPartner::ParseServerData
2018-09-27 09:08:36 -  - exec CUpdateClientPartner::__CollectRequestData
2018-09-27 09:08:36 -  - exec CUpdateClientPartner::GetHTTPPage
2018-09-27 09:08:36 -  - exec CUpdateClientPartner::ParseServerData
2018-09-27 09:08:36 -  - exec CUpdateClientPartner::GetUpdatesList
2018-09-27 09:08:36 -  - exec CUpdateClientPartner::__CollectRequestData
2018-09-27 09:08:36 -  - utf=Y&lang=ru&stable=Y&CANGZIP=Y&SUPD_DBS=MYSQL&XE=N&CLIENT_SITE=clinic.cu41147.tmweb.ru&LICENSE_KEY=X&SUPD_STS=1&SUPD_URS=0&SUPD_URSA=1&TYPENC=D&CLIENT_PHPVER=5.6.37&NGINX=Y&dbv=5.6.39&instm=main%2C18.0.0%2CY%3Bhighloadblock%2C17.5.0%2CN%3Bmessageservice%2C18.0.0%2CN%3Bfileman%2C17.5.12%2CN%3Bperfmon%2C17.0.1%2CN%3Brest%2C18.0.0%2CN%3Biblock%2C17.6.3%2CN%3Bsearch%2C17.5.1%2CN%3Bbitrixcloud%2C17.5.0%2CN%3Bbitrix.sitecorporate%2C15.5.0%2CN%3Bcompression%2C16.0.0%2CN%3Bsocialservices%2C17.5.4%2CN%3Bui%2C17.6.0%2CN%3Bb24connector%2C17.5.0%2CN%3Blanding%2C18.3.0%2CN%3Bnsandrey.emptyinstall%2C1.0.5%2CN%3Bseo%2C18.0.0%2CN%3Btranslate%2C16.0.0%2CN%3Bclouds%2C17.0.2%2CN&reqm=bitrix.sitecorporate%2Cnsandrey.emptyinstall&fullmoduleinfo=Y&SUPD_SRS=RU&SUPD_CMP=N
2018-09-27 09:08:36 -  - exec CUpdateClientPartner::GetHTTPPage
2018-09-27 09:08:36 -  - TIME GetUpdatesList(request) 0.236 sec
2018-09-27 09:08:36 -  - exec CUpdateClientPartner::ParseServerData
2018-09-27 09:08:36 -  - exec CUpdateClientPartner::__CollectRequestData
2018-09-27 09:08:36 -  - exec CUpdateClientPartner::GetHTTPPage
2018-09-27 09:08:36 -  - exec CUpdateClientPartner::ParseServerData
2018-09-28 09:24:09 -  - exec CUpdateClientPartner::__CollectRequestData
2018-09-28 09:24:09 -  - exec CUpdateClientPartner::GetHTTPPage
2018-09-28 09:24:09 -  - exec CUpdateClientPartner::ParseServerData
2018-09-28 09:24:09 -  - exec CUpdateClientPartner::GetUpdatesList
2018-09-28 09:24:09 -  - exec CUpdateClientPartner::__CollectRequestData
2018-09-28 09:24:09 -  - utf=Y&lang=ru&stable=Y&CANGZIP=Y&SUPD_DBS=MYSQL&XE=N&CLIENT_SITE=clinic.cu41147.tmweb.ru&LICENSE_KEY=X&SUPD_STS=1&SUPD_URS=0&SUPD_URSA=1&TYPENC=D&CLIENT_PHPVER=5.6.37&NGINX=Y&dbv=5.6.39&instm=main%2C18.0.0%2CY%3Bhighloadblock%2C17.5.0%2CN%3Bmessageservice%2C18.0.0%2CN%3Bfileman%2C17.5.12%2CN%3Bperfmon%2C17.0.1%2CN%3Brest%2C18.0.0%2CN%3Biblock%2C17.6.3%2CN%3Bsearch%2C17.5.1%2CN%3Bbitrixcloud%2C17.5.0%2CN%3Bbitrix.sitecorporate%2C15.5.0%2CN%3Bcompression%2C16.0.0%2CN%3Bsocialservices%2C17.5.4%2CN%3Bui%2C17.6.0%2CN%3Bb24connector%2C17.5.0%2CN%3Blanding%2C18.3.0%2CN%3Bnsandrey.emptyinstall%2C1.0.5%2CN%3Bseo%2C18.0.0%2CN%3Btranslate%2C16.0.0%2CN%3Bclouds%2C17.0.2%2CN&reqm=bitrix.sitecorporate%2Cnsandrey.emptyinstall&fullmoduleinfo=Y&SUPD_SRS=RU&SUPD_CMP=N
2018-09-28 09:24:09 -  - exec CUpdateClientPartner::GetHTTPPage
2018-09-28 09:24:09 -  - TIME GetUpdatesList(request) 0.201 sec
2018-09-28 09:24:09 -  - exec CUpdateClientPartner::ParseServerData
2018-09-28 09:24:09 -  - exec CUpdateClientPartner::__CollectRequestData
2018-09-28 09:24:09 -  - exec CUpdateClientPartner::GetHTTPPage
2018-09-28 09:24:10 -  - exec CUpdateClientPartner::ParseServerData
2018-10-12 08:21:55 -  - exec CUpdateClientPartner::__CollectRequestData
2018-10-12 08:21:55 -  - exec CUpdateClientPartner::GetHTTPPage
2018-10-12 08:21:55 -  - exec CUpdateClientPartner::ParseServerData
2018-10-12 08:21:55 -  - exec CUpdateClientPartner::GetUpdatesList
2018-10-12 08:21:55 -  - exec CUpdateClientPartner::__CollectRequestData
2018-10-12 08:21:55 -  - utf=Y&lang=ru&stable=Y&CANGZIP=Y&SUPD_DBS=MYSQL&XE=N&CLIENT_SITE=clinic.cu41147.tmweb.ru&LICENSE_KEY=X&SUPD_STS=1&SUPD_URS=0&SUPD_URSA=1&TYPENC=D&CLIENT_PHPVER=5.6.37&NGINX=Y&dbv=5.6.39&instm=main%2C18.0.0%2CY%3Bhighloadblock%2C17.5.0%2CN%3Bmessageservice%2C18.0.0%2CN%3Bfileman%2C17.5.12%2CN%3Bperfmon%2C17.0.1%2CN%3Brest%2C18.0.0%2CN%3Biblock%2C17.6.3%2CN%3Bsearch%2C17.5.1%2CN%3Bbitrixcloud%2C17.5.0%2CN%3Bbitrix.sitecorporate%2C15.5.0%2CN%3Bcompression%2C16.0.0%2CN%3Bsocialservices%2C17.5.4%2CN%3Bui%2C17.6.0%2CN%3Bb24connector%2C17.5.0%2CN%3Blanding%2C18.3.0%2CN%3Bnsandrey.emptyinstall%2C1.0.5%2CN%3Bseo%2C18.0.0%2CN%3Btranslate%2C16.0.0%2CN%3Bclouds%2C17.0.2%2CN&reqm=bitrix.sitecorporate%2Cnsandrey.emptyinstall&fullmoduleinfo=Y&SUPD_SRS=RU&SUPD_CMP=N
2018-10-12 08:21:55 -  - exec CUpdateClientPartner::GetHTTPPage
2018-10-12 08:21:55 -  - TIME GetUpdatesList(request) 0.192 sec
2018-10-12 08:21:55 -  - exec CUpdateClientPartner::ParseServerData
2018-10-12 08:21:55 -  - exec CUpdateClientPartner::__CollectRequestData
2018-10-12 08:21:55 -  - exec CUpdateClientPartner::GetHTTPPage
2018-10-12 08:21:56 -  - exec CUpdateClientPartner::ParseServerData
2018-10-16 11:28:04 -  - exec CUpdateClientPartner::__CollectRequestData
2018-10-16 11:28:04 -  - exec CUpdateClientPartner::GetHTTPPage
2018-10-16 11:28:04 -  - exec CUpdateClientPartner::ParseServerData
2018-10-16 11:28:04 -  - exec CUpdateClientPartner::GetUpdatesList
2018-10-16 11:28:04 -  - exec CUpdateClientPartner::__CollectRequestData
2018-10-16 11:28:04 -  - utf=Y&lang=ru&stable=Y&CANGZIP=Y&SUPD_DBS=MYSQL&XE=N&CLIENT_SITE=clinic.cu41147.tmweb.ru&LICENSE_KEY=X&SUPD_STS=1&SUPD_URS=0&SUPD_URSA=1&TYPENC=D&CLIENT_PHPVER=5.6.37&NGINX=Y&dbv=5.6.39&instm=main%2C18.0.0%2CY%3Bhighloadblock%2C17.5.0%2CN%3Bmessageservice%2C18.0.0%2CN%3Bfileman%2C17.5.12%2CN%3Bperfmon%2C17.0.1%2CN%3Brest%2C18.0.0%2CN%3Biblock%2C17.6.3%2CN%3Bsearch%2C17.5.1%2CN%3Bbitrixcloud%2C17.5.0%2CN%3Bbitrix.sitecorporate%2C15.5.0%2CN%3Bcompression%2C16.0.0%2CN%3Bsocialservices%2C17.5.4%2CN%3Bui%2C17.6.0%2CN%3Bb24connector%2C17.5.0%2CN%3Blanding%2C18.3.0%2CN%3Bnsandrey.emptyinstall%2C1.0.5%2CN%3Bseo%2C18.0.0%2CN%3Btranslate%2C16.0.0%2CN%3Bclouds%2C17.0.2%2CN&reqm=bitrix.sitecorporate%2Cnsandrey.emptyinstall&fullmoduleinfo=Y&SUPD_SRS=RU&SUPD_CMP=N
2018-10-16 11:28:04 -  - exec CUpdateClientPartner::GetHTTPPage
2018-10-16 11:28:04 -  - TIME GetUpdatesList(request) 0.215 sec
2018-10-16 11:28:04 -  - exec CUpdateClientPartner::ParseServerData
2018-10-16 11:28:04 -  - exec CUpdateClientPartner::__CollectRequestData
2018-10-16 11:28:04 -  - exec CUpdateClientPartner::GetHTTPPage
2018-10-16 11:28:04 -  - exec CUpdateClientPartner::ParseServerData
2018-10-22 21:25:05 -  - exec CUpdateClientPartner::__CollectRequestData
2018-10-22 21:25:05 -  - exec CUpdateClientPartner::GetHTTPPage
2018-10-22 21:25:06 -  - exec CUpdateClientPartner::ParseServerData
2018-10-22 21:25:06 -  - exec CUpdateClientPartner::GetUpdatesList
2018-10-22 21:25:06 -  - exec CUpdateClientPartner::__CollectRequestData
2018-10-22 21:25:06 -  - utf=Y&lang=ru&stable=Y&CANGZIP=Y&SUPD_DBS=MYSQL&XE=N&CLIENT_SITE=clinic.cu41147.tmweb.ru&LICENSE_KEY=X&SUPD_STS=1&SUPD_URS=0&SUPD_URSA=1&TYPENC=D&CLIENT_PHPVER=5.6.37&NGINX=Y&dbv=5.6.39&instm=main%2C18.0.0%2CY%3Bhighloadblock%2C17.5.0%2CN%3Bmessageservice%2C18.0.0%2CN%3Bfileman%2C17.5.12%2CN%3Bperfmon%2C17.0.1%2CN%3Brest%2C18.0.0%2CN%3Biblock%2C17.6.3%2CN%3Bsearch%2C17.5.1%2CN%3Bbitrixcloud%2C17.5.0%2CN%3Bbitrix.sitecorporate%2C15.5.0%2CN%3Bcompression%2C16.0.0%2CN%3Bsocialservices%2C17.5.4%2CN%3Bui%2C17.6.0%2CN%3Bb24connector%2C17.5.0%2CN%3Blanding%2C18.3.0%2CN%3Bnsandrey.emptyinstall%2C1.0.5%2CN%3Bseo%2C18.0.0%2CN%3Btranslate%2C16.0.0%2CN%3Bclouds%2C17.0.2%2CN&reqm=bitrix.sitecorporate%2Cnsandrey.emptyinstall&fullmoduleinfo=Y&SUPD_SRS=RU&SUPD_CMP=N
2018-10-22 21:25:06 -  - exec CUpdateClientPartner::GetHTTPPage
2018-10-22 21:25:06 -  - TIME GetUpdatesList(request) 0.207 sec
2018-10-22 21:25:06 -  - exec CUpdateClientPartner::ParseServerData
2018-10-22 21:25:06 -  - exec CUpdateClientPartner::__CollectRequestData
2018-10-22 21:25:06 -  - exec CUpdateClientPartner::GetHTTPPage
2018-10-22 21:25:06 -  - exec CUpdateClientPartner::ParseServerData
2018-10-26 07:07:34 -  - exec CUpdateClientPartner::__CollectRequestData
2018-10-26 07:07:34 -  - exec CUpdateClientPartner::GetHTTPPage
2018-10-26 07:07:35 -  - exec CUpdateClientPartner::ParseServerData
2018-10-26 07:07:35 -  - exec CUpdateClientPartner::GetUpdatesList
2018-10-26 07:07:35 -  - exec CUpdateClientPartner::__CollectRequestData
2018-10-26 07:07:35 -  - utf=Y&lang=ru&stable=Y&CANGZIP=Y&SUPD_DBS=MYSQL&XE=N&CLIENT_SITE=clinic.cu41147.tmweb.ru&LICENSE_KEY=X&SUPD_STS=1&SUPD_URS=0&SUPD_URSA=1&TYPENC=D&CLIENT_PHPVER=5.6.37&NGINX=Y&dbv=5.6.39&instm=main%2C18.0.0%2CY%3Bhighloadblock%2C17.5.0%2CN%3Bmessageservice%2C18.0.0%2CN%3Bfileman%2C17.5.12%2CN%3Bperfmon%2C17.0.1%2CN%3Brest%2C18.0.0%2CN%3Biblock%2C17.6.3%2CN%3Bsearch%2C17.5.1%2CN%3Bbitrixcloud%2C17.5.0%2CN%3Bbitrix.sitecorporate%2C15.5.0%2CN%3Bcompression%2C16.0.0%2CN%3Bsocialservices%2C17.5.4%2CN%3Bui%2C17.6.0%2CN%3Bb24connector%2C17.5.0%2CN%3Blanding%2C18.3.0%2CN%3Bnsandrey.emptyinstall%2C1.0.5%2CN%3Bseo%2C18.0.0%2CN%3Btranslate%2C16.0.0%2CN%3Bclouds%2C17.0.2%2CN&reqm=bitrix.sitecorporate%2Cnsandrey.emptyinstall&fullmoduleinfo=Y&SUPD_SRS=RU&SUPD_CMP=N
2018-10-26 07:07:35 -  - exec CUpdateClientPartner::GetHTTPPage
2018-10-26 07:07:35 -  - TIME GetUpdatesList(request) 0.195 sec
2018-10-26 07:07:35 -  - exec CUpdateClientPartner::ParseServerData
2018-10-26 07:07:35 -  - exec CUpdateClientPartner::__CollectRequestData
2018-10-26 07:07:35 -  - exec CUpdateClientPartner::GetHTTPPage
2018-10-26 07:07:35 -  - exec CUpdateClientPartner::ParseServerData
2018-10-28 22:33:24 -  - exec CUpdateClientPartner::__CollectRequestData
2018-10-28 22:33:24 -  - exec CUpdateClientPartner::GetHTTPPage
2018-10-28 22:33:24 -  - exec CUpdateClientPartner::ParseServerData
2018-10-28 22:33:24 -  - exec CUpdateClientPartner::GetUpdatesList
2018-10-28 22:33:24 -  - exec CUpdateClientPartner::__CollectRequestData
2018-10-28 22:33:24 -  - utf=Y&lang=ru&stable=Y&CANGZIP=Y&SUPD_DBS=MYSQL&XE=N&CLIENT_SITE=clinic.cu41147.tmweb.ru&LICENSE_KEY=X&SUPD_STS=1&SUPD_URS=0&SUPD_URSA=1&TYPENC=D&CLIENT_PHPVER=5.6.37&NGINX=Y&dbv=5.6.39&instm=main%2C18.0.0%2CY%3Bhighloadblock%2C17.5.0%2CN%3Bmessageservice%2C18.0.0%2CN%3Bfileman%2C17.5.12%2CN%3Bperfmon%2C17.0.1%2CN%3Brest%2C18.0.0%2CN%3Biblock%2C17.6.3%2CN%3Bsearch%2C17.5.1%2CN%3Bbitrixcloud%2C17.5.0%2CN%3Bbitrix.sitecorporate%2C15.5.0%2CN%3Bcompression%2C16.0.0%2CN%3Bsocialservices%2C17.5.4%2CN%3Bui%2C17.6.0%2CN%3Bb24connector%2C17.5.0%2CN%3Blanding%2C18.3.0%2CN%3Bnsandrey.emptyinstall%2C1.0.5%2CN%3Bseo%2C18.0.0%2CN%3Btranslate%2C16.0.0%2CN%3Bclouds%2C17.0.2%2CN&reqm=bitrix.sitecorporate%2Cnsandrey.emptyinstall&fullmoduleinfo=Y&SUPD_SRS=RU&SUPD_CMP=N
2018-10-28 22:33:24 -  - exec CUpdateClientPartner::GetHTTPPage
2018-10-28 22:33:24 -  - TIME GetUpdatesList(request) 0.183 sec
2018-10-28 22:33:24 -  - exec CUpdateClientPartner::ParseServerData
2018-10-28 22:33:24 -  - exec CUpdateClientPartner::__CollectRequestData
2018-10-28 22:33:24 -  - exec CUpdateClientPartner::GetHTTPPage
2018-10-28 22:33:25 -  - exec CUpdateClientPartner::ParseServerData
2018-11-03 15:37:50 -  - exec CUpdateClientPartner::__CollectRequestData
2018-11-03 15:37:50 -  - exec CUpdateClientPartner::GetHTTPPage
2018-11-03 15:37:50 -  - exec CUpdateClientPartner::ParseServerData
2018-11-03 15:37:50 -  - exec CUpdateClientPartner::GetUpdatesList
2018-11-03 15:37:50 -  - exec CUpdateClientPartner::__CollectRequestData
2018-11-03 15:37:50 -  - utf=Y&lang=ru&stable=Y&CANGZIP=Y&SUPD_DBS=MYSQL&XE=N&CLIENT_SITE=clinic.cu41147.tmweb.ru&LICENSE_KEY=X&SUPD_STS=1&SUPD_URS=0&SUPD_URSA=1&TYPENC=D&CLIENT_PHPVER=5.6.37&NGINX=Y&dbv=5.6.39&instm=main%2C18.0.0%2CY%3Bhighloadblock%2C17.5.0%2CN%3Bmessageservice%2C18.0.0%2CN%3Bfileman%2C17.5.12%2CN%3Bperfmon%2C17.0.1%2CN%3Brest%2C18.0.0%2CN%3Biblock%2C17.6.3%2CN%3Bsearch%2C17.5.1%2CN%3Bbitrixcloud%2C17.5.0%2CN%3Bbitrix.sitecorporate%2C15.5.0%2CN%3Bcompression%2C16.0.0%2CN%3Bsocialservices%2C17.5.4%2CN%3Bui%2C17.6.0%2CN%3Bb24connector%2C17.5.0%2CN%3Blanding%2C18.3.0%2CN%3Bnsandrey.emptyinstall%2C1.0.5%2CN%3Bseo%2C18.0.0%2CN%3Btranslate%2C16.0.0%2CN%3Bclouds%2C17.0.2%2CN&reqm=bitrix.sitecorporate%2Cnsandrey.emptyinstall&fullmoduleinfo=Y&SUPD_SRS=RU&SUPD_CMP=N
2018-11-03 15:37:50 -  - exec CUpdateClientPartner::GetHTTPPage
2018-11-03 15:37:50 -  - TIME GetUpdatesList(request) 0.198 sec
2018-11-03 15:37:50 -  - exec CUpdateClientPartner::ParseServerData
2018-11-03 15:37:50 -  - exec CUpdateClientPartner::__CollectRequestData
2018-11-03 15:37:50 -  - exec CUpdateClientPartner::GetHTTPPage
2018-11-03 15:37:50 -  - exec CUpdateClientPartner::ParseServerData
2018-11-04 22:40:56 -  - exec CUpdateClientPartner::__CollectRequestData
2018-11-04 22:40:56 -  - exec CUpdateClientPartner::GetHTTPPage
2018-11-04 22:40:56 -  - exec CUpdateClientPartner::ParseServerData
2018-11-04 22:40:56 -  - exec CUpdateClientPartner::GetUpdatesList
2018-11-04 22:40:56 -  - exec CUpdateClientPartner::__CollectRequestData
2018-11-04 22:40:56 -  - utf=Y&lang=ru&stable=Y&CANGZIP=Y&SUPD_DBS=MYSQL&XE=N&CLIENT_SITE=clinic.cu41147.tmweb.ru&LICENSE_KEY=X&SUPD_STS=1&SUPD_URS=0&SUPD_URSA=1&TYPENC=D&CLIENT_PHPVER=5.6.37&NGINX=Y&dbv=5.6.39&instm=main%2C18.0.0%2CY%3Bhighloadblock%2C17.5.0%2CN%3Bmessageservice%2C18.0.0%2CN%3Bfileman%2C17.5.12%2CN%3Bperfmon%2C17.0.1%2CN%3Brest%2C18.0.0%2CN%3Biblock%2C17.6.3%2CN%3Bsearch%2C17.5.1%2CN%3Bbitrixcloud%2C17.5.0%2CN%3Bbitrix.sitecorporate%2C15.5.0%2CN%3Bcompression%2C16.0.0%2CN%3Bsocialservices%2C17.5.4%2CN%3Bui%2C17.6.0%2CN%3Bb24connector%2C17.5.0%2CN%3Blanding%2C18.3.0%2CN%3Bnsandrey.emptyinstall%2C1.0.5%2CN%3Bseo%2C18.0.0%2CN%3Btranslate%2C16.0.0%2CN%3Bclouds%2C17.0.2%2CN&reqm=bitrix.sitecorporate%2Cnsandrey.emptyinstall&fullmoduleinfo=Y&SUPD_SRS=RU&SUPD_CMP=N
2018-11-04 22:40:56 -  - exec CUpdateClientPartner::GetHTTPPage
2018-11-04 22:40:56 -  - TIME GetUpdatesList(request) 0.192 sec
2018-11-04 22:40:56 -  - exec CUpdateClientPartner::ParseServerData
2018-11-04 22:40:56 -  - exec CUpdateClientPartner::__CollectRequestData
2018-11-04 22:40:56 -  - exec CUpdateClientPartner::GetHTTPPage
2018-11-04 22:40:56 -  - exec CUpdateClientPartner::ParseServerData
2018-11-06 13:23:14 -  - exec CUpdateClientPartner::__CollectRequestData
2018-11-06 13:23:14 -  - exec CUpdateClientPartner::GetHTTPPage
2018-11-06 13:23:14 -  - exec CUpdateClientPartner::ParseServerData
2018-11-06 13:23:14 -  - exec CUpdateClientPartner::GetUpdatesList
2018-11-06 13:23:14 -  - exec CUpdateClientPartner::__CollectRequestData
2018-11-06 13:23:14 -  - utf=Y&lang=ru&stable=Y&CANGZIP=Y&SUPD_DBS=MYSQL&XE=N&CLIENT_SITE=clinic.cu41147.tmweb.ru&LICENSE_KEY=X&SUPD_STS=1&SUPD_URS=0&SUPD_URSA=1&TYPENC=D&CLIENT_PHPVER=5.6.37&NGINX=Y&dbv=5.6.39&instm=main%2C18.0.0%2CY%3Bhighloadblock%2C17.5.0%2CN%3Bmessageservice%2C18.0.0%2CN%3Bfileman%2C17.5.12%2CN%3Bperfmon%2C17.0.1%2CN%3Brest%2C18.0.0%2CN%3Biblock%2C17.6.3%2CN%3Bsearch%2C17.5.1%2CN%3Bbitrixcloud%2C17.5.0%2CN%3Bbitrix.sitecorporate%2C15.5.0%2CN%3Bcompression%2C16.0.0%2CN%3Bsocialservices%2C17.5.4%2CN%3Bui%2C17.6.0%2CN%3Bb24connector%2C17.5.0%2CN%3Blanding%2C18.3.0%2CN%3Bnsandrey.emptyinstall%2C1.0.5%2CN%3Bseo%2C18.0.0%2CN%3Btranslate%2C16.0.0%2CN%3Bclouds%2C17.0.2%2CN&reqm=bitrix.sitecorporate%2Cnsandrey.emptyinstall&fullmoduleinfo=Y&SUPD_SRS=RU&SUPD_CMP=N
2018-11-06 13:23:14 -  - exec CUpdateClientPartner::GetHTTPPage
2018-11-06 13:23:15 -  - TIME GetUpdatesList(request) 0.229 sec
2018-11-06 13:23:15 -  - exec CUpdateClientPartner::ParseServerData
2018-11-06 13:23:15 -  - exec CUpdateClientPartner::__CollectRequestData
2018-11-06 13:23:15 -  - exec CUpdateClientPartner::GetHTTPPage
2018-11-06 13:23:15 -  - exec CUpdateClientPartner::ParseServerData
2018-11-13 07:18:08 -  - exec CUpdateClientPartner::__CollectRequestData
2018-11-13 07:18:08 -  - exec CUpdateClientPartner::GetHTTPPage
2018-11-13 07:18:08 -  - exec CUpdateClientPartner::ParseServerData
2018-11-13 07:18:08 -  - exec CUpdateClientPartner::GetUpdatesList
2018-11-13 07:18:08 -  - exec CUpdateClientPartner::__CollectRequestData
2018-11-13 07:18:08 -  - utf=Y&lang=ru&stable=Y&CANGZIP=Y&SUPD_DBS=MYSQL&XE=N&CLIENT_SITE=clinic.cu41147.tmweb.ru&LICENSE_KEY=X&SUPD_STS=1&SUPD_URS=0&SUPD_URSA=1&TYPENC=D&CLIENT_PHPVER=5.6.37&NGINX=Y&dbv=5.6.39&instm=main%2C18.0.0%2CY%3Bhighloadblock%2C17.5.0%2CN%3Bmessageservice%2C18.0.0%2CN%3Bfileman%2C17.5.12%2CN%3Bperfmon%2C17.0.1%2CN%3Brest%2C18.0.0%2CN%3Biblock%2C17.6.3%2CN%3Bsearch%2C17.5.1%2CN%3Bbitrixcloud%2C17.5.0%2CN%3Bbitrix.sitecorporate%2C15.5.0%2CN%3Bcompression%2C16.0.0%2CN%3Bsocialservices%2C17.5.4%2CN%3Bui%2C17.6.0%2CN%3Bb24connector%2C17.5.0%2CN%3Blanding%2C18.3.0%2CN%3Bnsandrey.emptyinstall%2C1.0.5%2CN%3Bseo%2C18.0.0%2CN%3Btranslate%2C16.0.0%2CN%3Bclouds%2C17.0.2%2CN&reqm=bitrix.sitecorporate%2Cnsandrey.emptyinstall&fullmoduleinfo=Y&SUPD_SRS=RU&SUPD_CMP=N
2018-11-13 07:18:08 -  - exec CUpdateClientPartner::GetHTTPPage
2018-11-13 07:18:08 -  - TIME GetUpdatesList(request) 0.206 sec
2018-11-13 07:18:08 -  - exec CUpdateClientPartner::ParseServerData
2018-11-13 07:18:08 -  - exec CUpdateClientPartner::__CollectRequestData
2018-11-13 07:18:08 -  - exec CUpdateClientPartner::GetHTTPPage
2018-11-13 07:18:08 -  - exec CUpdateClientPartner::ParseServerData
2018-11-14 10:11:44 -  - exec CUpdateClientPartner::__CollectRequestData
2018-11-14 10:11:44 -  - exec CUpdateClientPartner::GetHTTPPage
2018-11-14 10:11:44 -  - exec CUpdateClientPartner::ParseServerData
2018-11-14 10:11:44 -  - exec CUpdateClientPartner::GetUpdatesList
2018-11-14 10:11:44 -  - exec CUpdateClientPartner::__CollectRequestData
2018-11-14 10:11:44 -  - utf=Y&lang=ru&stable=Y&CANGZIP=Y&SUPD_DBS=MYSQL&XE=N&CLIENT_SITE=clinic.cu41147.tmweb.ru&LICENSE_KEY=X&SUPD_STS=1&SUPD_URS=0&SUPD_URSA=1&TYPENC=D&CLIENT_PHPVER=5.6.37&NGINX=Y&dbv=5.6.39&instm=main%2C18.0.0%2CY%3Bhighloadblock%2C17.5.0%2CN%3Bmessageservice%2C18.0.0%2CN%3Bfileman%2C17.5.12%2CN%3Bperfmon%2C17.0.1%2CN%3Brest%2C18.0.0%2CN%3Biblock%2C17.6.3%2CN%3Bsearch%2C17.5.1%2CN%3Bbitrixcloud%2C17.5.0%2CN%3Bbitrix.sitecorporate%2C15.5.0%2CN%3Bcompression%2C16.0.0%2CN%3Bsocialservices%2C17.5.4%2CN%3Bui%2C17.6.0%2CN%3Bb24connector%2C17.5.0%2CN%3Blanding%2C18.3.0%2CN%3Bnsandrey.emptyinstall%2C1.0.5%2CN%3Bseo%2C18.0.0%2CN%3Btranslate%2C16.0.0%2CN%3Bclouds%2C17.0.2%2CN&reqm=bitrix.sitecorporate%2Cnsandrey.emptyinstall&fullmoduleinfo=Y&SUPD_SRS=RU&SUPD_CMP=N
2018-11-14 10:11:44 -  - exec CUpdateClientPartner::GetHTTPPage
2018-11-14 10:11:45 -  - TIME GetUpdatesList(request) 0.217 sec
2018-11-14 10:11:45 -  - exec CUpdateClientPartner::ParseServerData
2018-11-14 10:11:45 -  - exec CUpdateClientPartner::__CollectRequestData
2018-11-14 10:11:45 -  - exec CUpdateClientPartner::GetHTTPPage
2018-11-14 10:11:45 -  - exec CUpdateClientPartner::ParseServerData
2018-11-15 20:24:42 -  - exec CUpdateClientPartner::__CollectRequestData
2018-11-15 20:24:42 -  - exec CUpdateClientPartner::GetHTTPPage
2018-11-15 20:24:42 -  - exec CUpdateClientPartner::ParseServerData
2018-11-15 20:24:42 -  - exec CUpdateClientPartner::GetUpdatesList
2018-11-15 20:24:42 -  - exec CUpdateClientPartner::__CollectRequestData
2018-11-15 20:24:42 -  - utf=Y&lang=ru&stable=Y&CANGZIP=Y&SUPD_DBS=MYSQL&XE=N&CLIENT_SITE=clinic.cu41147.tmweb.ru&LICENSE_KEY=X&SUPD_STS=1&SUPD_URS=0&SUPD_URSA=1&TYPENC=D&CLIENT_PHPVER=5.6.37&NGINX=Y&dbv=5.6.39&instm=main%2C18.0.0%2CY%3Bhighloadblock%2C17.5.0%2CN%3Bmessageservice%2C18.0.0%2CN%3Bfileman%2C17.5.12%2CN%3Bperfmon%2C17.0.1%2CN%3Brest%2C18.0.0%2CN%3Biblock%2C17.6.3%2CN%3Bsearch%2C17.5.1%2CN%3Bbitrixcloud%2C17.5.0%2CN%3Bbitrix.sitecorporate%2C15.5.0%2CN%3Bcompression%2C16.0.0%2CN%3Bsocialservices%2C17.5.4%2CN%3Bui%2C17.6.0%2CN%3Bb24connector%2C17.5.0%2CN%3Blanding%2C18.3.0%2CN%3Bnsandrey.emptyinstall%2C1.0.5%2CN%3Bseo%2C18.0.0%2CN%3Btranslate%2C16.0.0%2CN%3Bclouds%2C17.0.2%2CN&reqm=bitrix.sitecorporate%2Cnsandrey.emptyinstall&fullmoduleinfo=Y&SUPD_SRS=RU&SUPD_CMP=N
2018-11-15 20:24:42 -  - exec CUpdateClientPartner::GetHTTPPage
2018-11-15 20:24:43 -  - TIME GetUpdatesList(request) 0.2 sec
2018-11-15 20:24:43 -  - exec CUpdateClientPartner::ParseServerData
2018-11-15 20:24:43 -  - exec CUpdateClientPartner::__CollectRequestData
2018-11-15 20:24:43 -  - exec CUpdateClientPartner::GetHTTPPage
2018-11-15 20:24:43 -  - exec CUpdateClientPartner::ParseServerData
2018-11-19 08:31:47 -  - exec CUpdateClientPartner::__CollectRequestData
2018-11-19 08:31:47 -  - exec CUpdateClientPartner::GetHTTPPage
2018-11-19 08:31:47 -  - exec CUpdateClientPartner::ParseServerData
2018-11-19 08:31:47 -  - exec CUpdateClientPartner::GetUpdatesList
2018-11-19 08:31:47 -  - exec CUpdateClientPartner::__CollectRequestData
2018-11-19 08:31:47 -  - utf=Y&lang=ru&stable=Y&CANGZIP=Y&SUPD_DBS=MYSQL&XE=N&CLIENT_SITE=clinic.cu41147.tmweb.ru&LICENSE_KEY=X&SUPD_STS=1&SUPD_URS=0&SUPD_URSA=1&TYPENC=D&CLIENT_PHPVER=5.6.37&NGINX=Y&dbv=5.6.39&instm=main%2C18.0.0%2CY%3Bhighloadblock%2C17.5.0%2CN%3Bmessageservice%2C18.0.0%2CN%3Bfileman%2C17.5.12%2CN%3Bperfmon%2C17.0.1%2CN%3Brest%2C18.0.0%2CN%3Biblock%2C17.6.3%2CN%3Bsearch%2C17.5.1%2CN%3Bbitrixcloud%2C17.5.0%2CN%3Bbitrix.sitecorporate%2C15.5.0%2CN%3Bcompression%2C16.0.0%2CN%3Bsocialservices%2C17.5.4%2CN%3Bui%2C17.6.0%2CN%3Bb24connector%2C17.5.0%2CN%3Blanding%2C18.3.0%2CN%3Bnsandrey.emptyinstall%2C1.0.5%2CN%3Bseo%2C18.0.0%2CN%3Btranslate%2C16.0.0%2CN%3Bclouds%2C17.0.2%2CN&reqm=bitrix.sitecorporate%2Cnsandrey.emptyinstall&fullmoduleinfo=Y&SUPD_SRS=RU&SUPD_CMP=N
2018-11-19 08:31:47 -  - exec CUpdateClientPartner::GetHTTPPage
2018-11-19 08:31:47 -  - TIME GetUpdatesList(request) 0.218 sec
2018-11-19 08:31:47 -  - exec CUpdateClientPartner::ParseServerData
2018-11-19 08:31:47 -  - exec CUpdateClientPartner::__CollectRequestData
2018-11-19 08:31:47 -  - exec CUpdateClientPartner::GetHTTPPage
2018-11-19 08:31:47 -  - exec CUpdateClientPartner::ParseServerData
2018-11-20 09:13:19 -  - exec CUpdateClientPartner::__CollectRequestData
2018-11-20 09:13:19 -  - exec CUpdateClientPartner::GetHTTPPage
2018-11-20 09:13:19 -  - exec CUpdateClientPartner::ParseServerData
2018-11-20 09:13:19 -  - exec CUpdateClientPartner::GetUpdatesList
2018-11-20 09:13:19 -  - exec CUpdateClientPartner::__CollectRequestData
2018-11-20 09:13:19 -  - utf=Y&lang=ru&stable=Y&CANGZIP=Y&SUPD_DBS=MYSQL&XE=N&CLIENT_SITE=clinic.cu41147.tmweb.ru&LICENSE_KEY=X&SUPD_STS=1&SUPD_URS=0&SUPD_URSA=1&TYPENC=D&CLIENT_PHPVER=5.6.37&NGINX=Y&dbv=5.6.39&instm=main%2C18.0.0%2CY%3Bhighloadblock%2C17.5.0%2CN%3Bmessageservice%2C18.0.0%2CN%3Bfileman%2C17.5.12%2CN%3Bperfmon%2C17.0.1%2CN%3Brest%2C18.0.0%2CN%3Biblock%2C17.6.3%2CN%3Bsearch%2C17.5.1%2CN%3Bbitrixcloud%2C17.5.0%2CN%3Bbitrix.sitecorporate%2C15.5.0%2CN%3Bcompression%2C16.0.0%2CN%3Bsocialservices%2C17.5.4%2CN%3Bui%2C17.6.0%2CN%3Bb24connector%2C17.5.0%2CN%3Blanding%2C18.3.0%2CN%3Bnsandrey.emptyinstall%2C1.0.5%2CN%3Bseo%2C18.0.0%2CN%3Btranslate%2C16.0.0%2CN%3Bclouds%2C17.0.2%2CN&reqm=bitrix.sitecorporate%2Cnsandrey.emptyinstall&fullmoduleinfo=Y&SUPD_SRS=RU&SUPD_CMP=N
2018-11-20 09:13:19 -  - exec CUpdateClientPartner::GetHTTPPage
2018-11-20 09:13:19 -  - TIME GetUpdatesList(request) 0.204 sec
2018-11-20 09:13:19 -  - exec CUpdateClientPartner::ParseServerData
2018-11-20 09:13:19 -  - exec CUpdateClientPartner::__CollectRequestData
2018-11-20 09:13:19 -  - exec CUpdateClientPartner::GetHTTPPage
2018-11-20 09:13:19 -  - exec CUpdateClientPartner::ParseServerData
2018-11-22 10:13:22 -  - exec CUpdateClientPartner::__CollectRequestData
2018-11-22 10:13:22 -  - exec CUpdateClientPartner::GetHTTPPage
2018-11-22 10:13:22 -  - exec CUpdateClientPartner::ParseServerData
2018-11-22 10:13:22 -  - exec CUpdateClientPartner::GetUpdatesList
2018-11-22 10:13:22 -  - exec CUpdateClientPartner::__CollectRequestData
2018-11-22 10:13:22 -  - utf=Y&lang=ru&stable=Y&CANGZIP=Y&SUPD_DBS=MYSQL&XE=N&CLIENT_SITE=clinic.cu41147.tmweb.ru&LICENSE_KEY=X&SUPD_STS=1&SUPD_URS=0&SUPD_URSA=1&TYPENC=D&CLIENT_PHPVER=5.6.37&NGINX=Y&dbv=5.6.39&instm=main%2C18.0.0%2CY%3Bhighloadblock%2C17.5.0%2CN%3Bmessageservice%2C18.0.0%2CN%3Bfileman%2C17.5.12%2CN%3Bperfmon%2C17.0.1%2CN%3Brest%2C18.0.0%2CN%3Biblock%2C17.6.3%2CN%3Bsearch%2C17.5.1%2CN%3Bbitrixcloud%2C17.5.0%2CN%3Bbitrix.sitecorporate%2C15.5.0%2CN%3Bcompression%2C16.0.0%2CN%3Bsocialservices%2C17.5.4%2CN%3Bui%2C17.6.0%2CN%3Bb24connector%2C17.5.0%2CN%3Blanding%2C18.3.0%2CN%3Bnsandrey.emptyinstall%2C1.0.5%2CN%3Bseo%2C18.0.0%2CN%3Btranslate%2C16.0.0%2CN%3Bclouds%2C17.0.2%2CN&reqm=bitrix.sitecorporate%2Cnsandrey.emptyinstall&fullmoduleinfo=Y&SUPD_SRS=RU&SUPD_CMP=N
2018-11-22 10:13:22 -  - exec CUpdateClientPartner::GetHTTPPage
2018-11-22 10:13:23 -  - TIME GetUpdatesList(request) 0.244 sec
2018-11-22 10:13:23 -  - exec CUpdateClientPartner::ParseServerData
2018-11-22 10:13:23 -  - exec CUpdateClientPartner::__CollectRequestData
2018-11-22 10:13:23 -  - exec CUpdateClientPartner::GetHTTPPage
2018-11-22 10:13:23 -  - exec CUpdateClientPartner::ParseServerData
2018-11-23 11:14:59 -  - exec CUpdateClientPartner::__CollectRequestData
2018-11-23 11:14:59 -  - exec CUpdateClientPartner::GetHTTPPage
2018-11-23 11:14:59 -  - exec CUpdateClientPartner::ParseServerData
2018-11-23 11:14:59 -  - exec CUpdateClientPartner::GetUpdatesList
2018-11-23 11:14:59 -  - exec CUpdateClientPartner::__CollectRequestData
2018-11-23 11:14:59 -  - utf=Y&lang=ru&stable=Y&CANGZIP=Y&SUPD_DBS=MYSQL&XE=N&CLIENT_SITE=clinic.cu41147.tmweb.ru&LICENSE_KEY=X&SUPD_STS=1&SUPD_URS=0&SUPD_URSA=1&TYPENC=D&CLIENT_PHPVER=5.6.37&NGINX=Y&dbv=5.6.39&instm=main%2C18.0.0%2CY%3Bhighloadblock%2C17.5.0%2CN%3Bmessageservice%2C18.0.0%2CN%3Bfileman%2C17.5.12%2CN%3Bperfmon%2C17.0.1%2CN%3Brest%2C18.0.0%2CN%3Biblock%2C17.6.3%2CN%3Bsearch%2C17.5.1%2CN%3Bbitrixcloud%2C17.5.0%2CN%3Bbitrix.sitecorporate%2C15.5.0%2CN%3Bcompression%2C16.0.0%2CN%3Bsocialservices%2C17.5.4%2CN%3Bui%2C17.6.0%2CN%3Bb24connector%2C17.5.0%2CN%3Blanding%2C18.3.0%2CN%3Bnsandrey.emptyinstall%2C1.0.5%2CN%3Bseo%2C18.0.0%2CN%3Btranslate%2C16.0.0%2CN%3Bclouds%2C17.0.2%2CN&reqm=bitrix.sitecorporate%2Cnsandrey.emptyinstall&fullmoduleinfo=Y&SUPD_SRS=RU&SUPD_CMP=N
2018-11-23 11:14:59 -  - exec CUpdateClientPartner::GetHTTPPage
2018-11-23 11:14:59 -  - TIME GetUpdatesList(request) 0.231 sec
2018-11-23 11:14:59 -  - exec CUpdateClientPartner::ParseServerData
2018-11-23 11:14:59 -  - exec CUpdateClientPartner::__CollectRequestData
2018-11-23 11:14:59 -  - exec CUpdateClientPartner::GetHTTPPage
2018-11-23 11:15:00 -  - exec CUpdateClientPartner::ParseServerData
2018-11-26 10:49:03 -  - exec CUpdateClientPartner::__CollectRequestData
2018-11-26 10:49:03 -  - exec CUpdateClientPartner::GetHTTPPage
2018-11-26 10:49:04 -  - exec CUpdateClientPartner::ParseServerData
2018-11-26 10:49:04 -  - exec CUpdateClientPartner::GetUpdatesList
2018-11-26 10:49:04 -  - exec CUpdateClientPartner::__CollectRequestData
2018-11-26 10:49:04 -  - utf=Y&lang=ru&stable=Y&CANGZIP=Y&SUPD_DBS=MYSQL&XE=N&CLIENT_SITE=clinic.cu41147.tmweb.ru&LICENSE_KEY=X&SUPD_STS=1&SUPD_URS=0&SUPD_URSA=1&TYPENC=D&CLIENT_PHPVER=5.6.37&NGINX=Y&dbv=5.6.39&instm=main%2C18.0.0%2CY%3Bhighloadblock%2C17.5.0%2CN%3Bmessageservice%2C18.0.0%2CN%3Bfileman%2C17.5.12%2CN%3Bperfmon%2C17.0.1%2CN%3Brest%2C18.0.0%2CN%3Biblock%2C17.6.3%2CN%3Bsearch%2C17.5.1%2CN%3Bbitrixcloud%2C17.5.0%2CN%3Bbitrix.sitecorporate%2C15.5.0%2CN%3Bcompression%2C16.0.0%2CN%3Bsocialservices%2C17.5.4%2CN%3Bui%2C17.6.0%2CN%3Bb24connector%2C17.5.0%2CN%3Blanding%2C18.3.0%2CN%3Bnsandrey.emptyinstall%2C1.0.5%2CN%3Bseo%2C18.0.0%2CN%3Btranslate%2C16.0.0%2CN%3Bclouds%2C17.0.2%2CN&reqm=bitrix.sitecorporate%2Cnsandrey.emptyinstall&fullmoduleinfo=Y&SUPD_SRS=RU&SUPD_CMP=N
2018-11-26 10:49:04 -  - exec CUpdateClientPartner::GetHTTPPage
2018-11-26 10:49:04 -  - TIME GetUpdatesList(request) 0.332 sec
2018-11-26 10:49:04 -  - exec CUpdateClientPartner::ParseServerData
2018-11-26 10:49:04 -  - exec CUpdateClientPartner::__CollectRequestData
2018-11-26 10:49:04 -  - exec CUpdateClientPartner::GetHTTPPage
2018-11-26 10:49:05 -  - exec CUpdateClientPartner::ParseServerData
2019-03-25 13:14:49 -  - exec CUpdateClientPartner::GetUpdatesList
2019-03-25 13:14:49 -  - exec CUpdateClientPartner::__CollectRequestData
2019-03-25 13:14:49 -  - utf=Y&lang=ru&stable=Y&CANGZIP=Y&SUPD_DBS=MYSQL&XE=N&CLIENT_SITE=www.eko-rb.ru&LICENSE_KEY=X&SUPD_STS=1&SUPD_URS=0&SUPD_URSA=4&TYPENC=E&CLIENT_PHPVER=5.6.38&NGINX=Y&dbv=5.7.21&instm=main%2C18.0.0%2CN%3Bcompression%2C16.0.0%2CN%3Bui%2C17.6.0%2CN%3Btranslate%2C16.0.0%2CN%3Bseo%2C18.0.0%2CN%3Bnsandrey.emptyinstall%2C1.0.5%2CN%3Bsocialservices%2C17.5.4%2CN%3Bfileman%2C17.5.12%2CN%3Bclouds%2C17.0.2%2CN%3Bbitrix.sitecorporate%2C15.5.0%2CN%3Blanding%2C18.3.0%2CN%3Bbitrixcloud%2C17.5.0%2CN%3Biblock%2C17.6.3%2CN%3Bb24connector%2C17.5.0%2CN%3Bmessageservice%2C18.0.0%2CN%3Bperfmon%2C17.0.1%2CN%3Brest%2C18.0.0%2CN%3Bhighloadblock%2C17.5.0%2CN%3Bsearch%2C17.5.1%2CN&reqm=nsandrey.emptyinstall%2Cbitrix.sitecorporate%2Cd2mg.ufhtml&SUPD_SRS=RU&SUPD_CMP=N
2019-03-25 13:14:49 -  - exec CUpdateClientPartner::GetHTTPPage
2019-03-25 13:14:51 -  - TIME GetUpdatesList(request) 2.899 sec
2019-03-25 13:14:51 -  - exec CUpdateClientPartner::ParseServerData
2019-03-25 13:15:00 -  - exec CUpdateClientPartner::LoadModulesUpdates
2019-03-25 13:15:00 -  - exec CUpdateClientPartner::__CollectRequestData
2019-03-25 13:15:00 -  - utf=Y&lang=ru&stable=Y&CANGZIP=Y&SUPD_DBS=MYSQL&XE=N&CLIENT_SITE=www.eko-rb.ru&LICENSE_KEY=X&SUPD_STS=1&SUPD_URS=0&SUPD_URSA=4&TYPENC=E&CLIENT_PHPVER=5.6.38&NGINX=Y&dbv=5.7.21&instm=main%2C18.0.0%2CN%3Bcompression%2C16.0.0%2CN%3Bui%2C17.6.0%2CN%3Btranslate%2C16.0.0%2CN%3Bseo%2C18.0.0%2CN%3Bnsandrey.emptyinstall%2C1.0.5%2CN%3Bsocialservices%2C17.5.4%2CN%3Bfileman%2C17.5.12%2CN%3Bclouds%2C17.0.2%2CN%3Bbitrix.sitecorporate%2C15.5.0%2CN%3Blanding%2C18.3.0%2CN%3Bbitrixcloud%2C17.5.0%2CN%3Biblock%2C17.6.3%2CN%3Bb24connector%2C17.5.0%2CN%3Bmessageservice%2C18.0.0%2CN%3Bperfmon%2C17.0.1%2CN%3Brest%2C18.0.0%2CN%3Bhighloadblock%2C17.5.0%2CN%3Bsearch%2C17.5.1%2CN&reqm=d2mg.ufhtml&lim=Y&SUPD_SRS=RU&SUPD_CMP=N
2019-03-25 13:15:00 -  - exec CUpdateClientPartner::GetHTTPPage
2019-03-25 13:15:02 -  - TIME LoadModulesUpdates(request) 1.479 sec
2019-03-25 13:15:02 -  - exec CUpdateClientPartner::ParseServerData
2019-03-25 13:15:02 - S - STEP
2019-03-25 13:15:02 - LMU01 - LoadModulesUpdates-Step
2019-03-25 13:15:02 -  - exec CUpdateClientPartner::LoadModulesUpdates
2019-03-25 13:15:02 -  - exec CUpdateClientPartner::ParseServerData
2019-03-25 13:15:02 -  - loadFile
2019-03-25 13:15:02 - U - RETURN
2019-03-25 13:15:02 -  - exec CUpdateClientPartner::UnGzipArchive
2019-03-25 13:15:02 -  - TIME UnGzipArchive 0.006 sec
2019-03-25 13:15:02 -  - TIME UpdateStepModules 0.009 sec
2019-03-25 13:15:02 - UPD_SUCCESS - Updated: d2mg.ufhtml
2019-03-25 13:15:02 -  - exec CUpdateClientPartner::LoadModulesUpdates
2019-03-25 13:15:02 -  - exec CUpdateClientPartner::__CollectRequestData
2019-03-25 13:15:02 -  - utf=Y&lang=ru&stable=Y&CANGZIP=Y&SUPD_DBS=MYSQL&XE=N&CLIENT_SITE=www.eko-rb.ru&LICENSE_KEY=X&SUPD_STS=1&SUPD_URS=0&SUPD_URSA=4&TYPENC=E&CLIENT_PHPVER=5.6.38&NGINX=Y&dbv=5.7.21&instm=main%2C18.0.0%2CN%3Bcompression%2C16.0.0%2CN%3Bui%2C17.6.0%2CN%3Btranslate%2C16.0.0%2CN%3Bseo%2C18.0.0%2CN%3Bnsandrey.emptyinstall%2C1.0.5%2CN%3Bsocialservices%2C17.5.4%2CN%3Bfileman%2C17.5.12%2CN%3Bclouds%2C17.0.2%2CN%3Bbitrix.sitecorporate%2C15.5.0%2CN%3Blanding%2C18.3.0%2CN%3Bbitrixcloud%2C17.5.0%2CN%3Biblock%2C17.6.3%2CN%3Bb24connector%2C17.5.0%2CN%3Bmessageservice%2C18.0.0%2CN%3Bd2mg.ufhtml%2C1.0.0%2CN%3Bperfmon%2C17.0.1%2CN%3Brest%2C18.0.0%2CN%3Bhighloadblock%2C17.5.0%2CN%3Bsearch%2C17.5.1%2CN&reqm=d2mg.ufhtml&lim=Y&SUPD_SRS=RU&SUPD_CMP=N
2019-03-25 13:15:02 -  - exec CUpdateClientPartner::GetHTTPPage
2019-03-25 13:15:09 -  - TIME LoadModulesUpdates(request) 6.417 sec
2019-03-25 13:15:09 -  - exec CUpdateClientPartner::ParseServerData
2019-03-25 13:15:09 - S - STEP
2019-03-25 13:15:09 - LMU01 - LoadModulesUpdates-Step
2019-03-25 13:15:09 -  - exec CUpdateClientPartner::LoadModulesUpdates
2019-03-25 13:15:09 -  - exec CUpdateClientPartner::ParseServerData
2019-03-25 13:15:09 -  - loadFile
2019-03-25 13:15:09 - U - RETURN
2019-03-25 13:15:09 -  - exec CUpdateClientPartner::UnGzipArchive
2019-03-25 13:15:09 -  - TIME UnGzipArchive 0.003 sec
2019-03-25 13:15:09 -  - TIME UpdateStepModules 0.003 sec
2019-03-25 13:15:09 - UPD_SUCCESS - Updated: d2mg.ufhtml (1.0.1)<br>     .    ,      .
2019-03-25 13:15:09 -  - exec CUpdateClientPartner::LoadModulesUpdates
2019-03-25 13:15:09 -  - exec CUpdateClientPartner::__CollectRequestData
2019-03-25 13:15:09 -  - utf=Y&lang=ru&stable=Y&CANGZIP=Y&SUPD_DBS=MYSQL&XE=N&CLIENT_SITE=www.eko-rb.ru&LICENSE_KEY=X&SUPD_STS=1&SUPD_URS=0&SUPD_URSA=4&TYPENC=E&CLIENT_PHPVER=5.6.38&NGINX=Y&dbv=5.7.21&instm=main%2C18.0.0%2CN%3Bcompression%2C16.0.0%2CN%3Bui%2C17.6.0%2CN%3Btranslate%2C16.0.0%2CN%3Bseo%2C18.0.0%2CN%3Bnsandrey.emptyinstall%2C1.0.5%2CN%3Bsocialservices%2C17.5.4%2CN%3Bfileman%2C17.5.12%2CN%3Bclouds%2C17.0.2%2CN%3Bbitrix.sitecorporate%2C15.5.0%2CN%3Blanding%2C18.3.0%2CN%3Bbitrixcloud%2C17.5.0%2CN%3Biblock%2C17.6.3%2CN%3Bb24connector%2C17.5.0%2CN%3Bmessageservice%2C18.0.0%2CN%3Bd2mg.ufhtml%2C1.0.1%2CN%3Bperfmon%2C17.0.1%2CN%3Brest%2C18.0.0%2CN%3Bhighloadblock%2C17.5.0%2CN%3Bsearch%2C17.5.1%2CN&reqm=d2mg.ufhtml&lim=Y&SUPD_SRS=RU&SUPD_CMP=N
2019-03-25 13:15:09 -  - exec CUpdateClientPartner::GetHTTPPage
2019-03-25 13:15:10 -  - TIME LoadModulesUpdates(request) 1.278 sec
2019-03-25 13:15:10 -  - exec CUpdateClientPartner::ParseServerData
2019-03-25 13:15:10 - S - STEP
2019-03-25 13:15:10 - LMU01 - LoadModulesUpdates-Step
2019-03-25 13:15:10 -  - exec CUpdateClientPartner::LoadModulesUpdates
2019-03-25 13:15:10 -  - exec CUpdateClientPartner::ParseServerData
2019-03-25 13:15:10 -  - loadFile
2019-03-25 13:15:10 - U - RETURN
2019-03-25 13:15:10 -  - exec CUpdateClientPartner::UnGzipArchive
2019-03-25 13:15:10 -  - TIME UnGzipArchive 0.002 sec
2019-03-25 13:15:10 -  - TIME UpdateStepModules 0.002 sec
2019-03-25 13:15:10 - UPD_SUCCESS - Updated: d2mg.ufhtml (1.0.3)<br>   
2019-03-25 13:15:11 -  - exec CUpdateClientPartner::LoadModulesUpdates
2019-03-25 13:15:11 -  - exec CUpdateClientPartner::__CollectRequestData
2019-03-25 13:15:11 -  - utf=Y&lang=ru&stable=Y&CANGZIP=Y&SUPD_DBS=MYSQL&XE=N&CLIENT_SITE=www.eko-rb.ru&LICENSE_KEY=X&SUPD_STS=1&SUPD_URS=0&SUPD_URSA=4&TYPENC=E&CLIENT_PHPVER=5.6.38&NGINX=Y&dbv=5.7.21&instm=main%2C18.0.0%2CN%3Bcompression%2C16.0.0%2CN%3Bui%2C17.6.0%2CN%3Btranslate%2C16.0.0%2CN%3Bseo%2C18.0.0%2CN%3Bnsandrey.emptyinstall%2C1.0.5%2CN%3Bsocialservices%2C17.5.4%2CN%3Bfileman%2C17.5.12%2CN%3Bclouds%2C17.0.2%2CN%3Bbitrix.sitecorporate%2C15.5.0%2CN%3Blanding%2C18.3.0%2CN%3Bbitrixcloud%2C17.5.0%2CN%3Biblock%2C17.6.3%2CN%3Bb24connector%2C17.5.0%2CN%3Bmessageservice%2C18.0.0%2CN%3Bd2mg.ufhtml%2C1.0.3%2CN%3Bperfmon%2C17.0.1%2CN%3Brest%2C18.0.0%2CN%3Bhighloadblock%2C17.5.0%2CN%3Bsearch%2C17.5.1%2CN&reqm=d2mg.ufhtml&lim=Y&SUPD_SRS=RU&SUPD_CMP=N
2019-03-25 13:15:11 -  - exec CUpdateClientPartner::GetHTTPPage
2019-03-25 13:15:11 -  - TIME LoadModulesUpdates(request) 0.856 sec
2019-03-25 13:15:11 -  - exec CUpdateClientPartner::ParseServerData
2019-03-25 13:15:11 - STEP - Finish - NOUPDATES
2019-03-25 13:15:11 - STEP - Finish - NOUPDATES
2019-03-25 13:15:15 -  - exec CUpdateClientPartner::GetUpdatesList
2019-03-25 13:15:15 -  - exec CUpdateClientPartner::__CollectRequestData
2019-03-25 13:15:15 -  - utf=Y&lang=ru&stable=Y&CANGZIP=Y&SUPD_DBS=MYSQL&XE=N&CLIENT_SITE=www.eko-rb.ru&LICENSE_KEY=X&SUPD_STS=1&SUPD_URS=0&SUPD_URSA=4&TYPENC=E&CLIENT_PHPVER=5.6.38&NGINX=Y&dbv=5.7.21&instm=main%2C18.0.0%2CN%3Bcompression%2C16.0.0%2CN%3Bui%2C17.6.0%2CN%3Btranslate%2C16.0.0%2CN%3Bseo%2C18.0.0%2CN%3Bnsandrey.emptyinstall%2C1.0.5%2CN%3Bsocialservices%2C17.5.4%2CN%3Bfileman%2C17.5.12%2CN%3Bclouds%2C17.0.2%2CN%3Bbitrix.sitecorporate%2C15.5.0%2CN%3Blanding%2C18.3.0%2CN%3Bbitrixcloud%2C17.5.0%2CN%3Biblock%2C17.6.3%2CN%3Bb24connector%2C17.5.0%2CN%3Bmessageservice%2C18.0.0%2CN%3Bd2mg.ufhtml%2C1.0.3%2CN%3Bperfmon%2C17.0.1%2CN%3Brest%2C18.0.0%2CN%3Bhighloadblock%2C17.5.0%2CN%3Bsearch%2C17.5.1%2CN&reqm=nsandrey.emptyinstall%2Cbitrix.sitecorporate%2Cd2mg.ufhtml&fullmoduleinfo=Y&SUPD_SRS=RU&SUPD_CMP=N
2019-03-25 13:15:15 -  - exec CUpdateClientPartner::GetHTTPPage
2019-03-25 13:15:17 -  - TIME GetUpdatesList(request) 2.179 sec
2019-03-25 13:15:17 -  - exec CUpdateClientPartner::ParseServerData
2019-03-25 13:15:19 -  - exec CUpdateClientPartner::GetUpdatesList
2019-03-25 13:15:19 -  - exec CUpdateClientPartner::__CollectRequestData
2019-03-25 13:15:19 -  - utf=Y&lang=ru&stable=Y&CANGZIP=Y&SUPD_DBS=MYSQL&XE=N&CLIENT_SITE=www.eko-rb.ru&LICENSE_KEY=X&SUPD_STS=1&SUPD_URS=0&SUPD_URSA=4&TYPENC=E&CLIENT_PHPVER=5.6.38&NGINX=Y&dbv=5.7.21&instm=main%2C18.0.0%2CN%3Bcompression%2C16.0.0%2CN%3Bui%2C17.6.0%2CN%3Btranslate%2C16.0.0%2CN%3Bseo%2C18.0.0%2CN%3Bnsandrey.emptyinstall%2C1.0.5%2CN%3Bsocialservices%2C17.5.4%2CN%3Bfileman%2C17.5.12%2CN%3Bclouds%2C17.0.2%2CN%3Bbitrix.sitecorporate%2C15.5.0%2CN%3Blanding%2C18.3.0%2CN%3Bbitrixcloud%2C17.5.0%2CN%3Biblock%2C17.6.3%2CN%3Bb24connector%2C17.5.0%2CN%3Bmessageservice%2C18.0.0%2CN%3Bd2mg.ufhtml%2C1.0.3%2CN%3Bperfmon%2C17.0.1%2CN%3Brest%2C18.0.0%2CN%3Bhighloadblock%2C17.5.0%2CN%3Bsearch%2C17.5.1%2CN&reqm=nsandrey.emptyinstall%2Cbitrix.sitecorporate%2Cd2mg.ufhtml&fullmoduleinfo=Y&SUPD_SRS=RU&SUPD_CMP=N
2019-03-25 13:15:19 -  - exec CUpdateClientPartner::GetHTTPPage
2019-03-25 13:15:21 -  - TIME GetUpdatesList(request) 1.821 sec
2019-03-25 13:15:21 -  - exec CUpdateClientPartner::ParseServerData
2019-09-17 13:22:27 -  - exec CUpdateClientPartner::GetUpdatesList
2019-09-17 13:22:27 -  - exec CUpdateClientPartner::__CollectRequestData
2019-09-17 13:22:27 -  - utf=Y&lang=ru&stable=Y&CANGZIP=Y&SUPD_DBS=MYSQL&XE=N&CLIENT_SITE=www.eko-rb.ru&LICENSE_KEY=X&SUPD_STS=1&SUPD_URS=0&SUPD_URSA=4&TYPENC=E&CLIENT_PHPVER=5.6.38&NGINX=Y&dbv=5.7.21&instm=main%2C18.0.0%2CN%3Bperfmon%2C17.0.1%2CN%3Bhighloadblock%2C17.5.0%2CN%3Bb24connector%2C17.5.0%2CN%3Bsocialservices%2C17.5.4%2CN%3Bnsandrey.emptyinstall%2C1.0.5%2CN%3Bcompression%2C16.0.0%2CN%3Bclouds%2C17.0.2%2CN%3Brest%2C18.0.0%2CN%3Bui%2C17.6.0%2CN%3Bbitrixcloud%2C17.5.0%2CN%3Biblock%2C17.6.3%2CN%3Bd2mg.ufhtml%2C1.0.3%2CN%3Bmessageservice%2C18.0.0%2CN%3Bsearch%2C17.5.1%2CN%3Blanding%2C18.3.0%2CN%3Bseo%2C18.0.0%2CN%3Bbitrix.sitecorporate%2C15.5.0%2CN%3Bfileman%2C17.5.12%2CN%3Btranslate%2C16.0.0%2CN&reqm=nsandrey.emptyinstall%2Cd2mg.ufhtml%2Cbitrix.sitecorporate%2Ch2o.redirect&SUPD_SRS=RU&SUPD_CMP=N
2019-09-17 13:22:27 -  - exec CUpdateClientPartner::GetHTTPPage
2019-09-17 13:22:27 -  - TIME GetUpdatesList(request) 0.519 sec
2019-09-17 13:22:27 -  - exec CUpdateClientPartner::ParseServerData
