2018-11-27 07:11:31 -  - exec CUpdateClient::GetUpdatesList
2018-11-27 07:11:31 -  - exec CUpdateClient::CollectRequestData
2018-11-27 07:11:31 -  - LICENSE_KEY=X&lang=ru&SUPD_VER=18.0.0&VERSION=18.0.0&TYPENC=D&SUPD_STS=1&SUPD_URS=0&SUPD_DBS=MYSQL&XE=N&CLIENT_SITE=clinic.cu41147.tmweb.ru&CHHB=clinic.cu41147.tmweb.ru&CSAB=127.0.4.39&SUID=2a7de1cad80b5d8b90a0959bf7412549&CANGZIP=Y&CLIENT_PHPVER=5.6.37&stable=Y&NGINX=Y&rerere=Y&bitm_main=18.0.0&bitm_highloadblock=17.5.0&bitm_messageservice=18.0.0&bitm_fileman=17.5.12&bitm_perfmon=17.0.1&bitm_rest=18.0.0&bitm_iblock=17.6.3&bitm_search=17.5.1&bitm_bitrixcloud=17.5.0&bitm_compression=16.0.0&bitm_socialservices=17.5.4&bitm_ui=17.6.0&bitm_b24connector=17.5.0&bitm_landing=18.3.0&bitm_seo=18.0.0&bitm_translate=16.0.0&bitm_clouds=17.0.2&bitl_en=&bitl_ru=&SUPD_SRS=RU&SUPD_CMP=N&SALE_15=Y&LICENSE_SIGNED=%7Enew_license18_0_sign-N
2018-11-27 07:11:31 -  - exec CUpdateClient::GetHTTPPage
2018-11-27 07:11:31 -  - TIME GetUpdatesList(request) 0.165 sec
2018-11-27 07:11:31 -  - exec CUpdateClient::ParseServerData
2018-11-27 07:11:52 -  - exec CUpdateClient::GetUpdatesList
2018-11-27 07:11:52 -  - exec CUpdateClient::CollectRequestData
2018-11-27 07:11:52 -  - LICENSE_KEY=X&lang=ru&SUPD_VER=18.0.0&VERSION=18.0.0&TYPENC=D&SUPD_STS=1&SUPD_URS=0&SUPD_DBS=MYSQL&XE=N&CLIENT_SITE=clinic.cu41147.tmweb.ru&CHHB=clinic.cu41147.tmweb.ru&CSAB=127.0.4.39&SUID=2a7de1cad80b5d8b90a0959bf7412549&CANGZIP=Y&CLIENT_PHPVER=5.6.37&stable=Y&NGINX=Y&rerere=Y&bitm_main=18.0.0&bitm_highloadblock=17.5.0&bitm_messageservice=18.0.0&bitm_fileman=17.5.12&bitm_perfmon=17.0.1&bitm_rest=18.0.0&bitm_iblock=17.6.3&bitm_search=17.5.1&bitm_bitrixcloud=17.5.0&bitm_compression=16.0.0&bitm_socialservices=17.5.4&bitm_ui=17.6.0&bitm_b24connector=17.5.0&bitm_landing=18.3.0&bitm_seo=18.0.0&bitm_translate=16.0.0&bitm_clouds=17.0.2&bitl_en=&bitl_ru=&SUPD_SRS=RU&SUPD_CMP=N&SALE_15=Y&LICENSE_SIGNED=%7Enew_license18_0_sign-N
2018-11-27 07:11:52 -  - exec CUpdateClient::GetHTTPPage
2018-11-27 07:11:52 -  - TIME GetUpdatesList(request) 0.176 sec
2018-11-27 07:11:52 -  - exec CUpdateClient::ParseServerData
2018-11-27 07:12:03 -  - exec CUpdateClient::UpdateUpdate
2018-11-27 07:12:03 -  - exec CUpdateClient::CollectRequestData
2018-11-27 07:12:03 -  - LICENSE_KEY=X&lang=ru&SUPD_VER=18.0.0&VERSION=18.0.0&TYPENC=D&SUPD_STS=1&SUPD_URS=0&SUPD_DBS=MYSQL&XE=N&CLIENT_SITE=clinic.cu41147.tmweb.ru&CHHB=clinic.cu41147.tmweb.ru&CSAB=127.0.4.39&SUID=2a7de1cad80b5d8b90a0959bf7412549&CANGZIP=Y&CLIENT_PHPVER=5.6.37&stable=Y&NGINX=Y&rerere=Y&bitm_main=18.0.0&bitm_highloadblock=17.5.0&bitm_messageservice=18.0.0&bitm_fileman=17.5.12&bitm_perfmon=17.0.1&bitm_rest=18.0.0&bitm_iblock=17.6.3&bitm_search=17.5.1&bitm_bitrixcloud=17.5.0&bitm_compression=16.0.0&bitm_socialservices=17.5.4&bitm_ui=17.6.0&bitm_b24connector=17.5.0&bitm_landing=18.3.0&bitm_seo=18.0.0&bitm_translate=16.0.0&bitm_clouds=17.0.2&bitl_en=&bitl_ru=&SUPD_SRS=RU&SUPD_CMP=N&SALE_15=Y&LICENSE_SIGNED=%7Enew_license18_0_sign-Y&query_type=updateupdate
2018-11-27 07:12:03 -  - exec CUpdateClient::GetHTTPPage
2018-11-27 07:12:05 -  - TIME UpdateUpdate(request) 1.781 sec
2018-11-27 07:12:05 -  - exec CUpdateClient::UnGzipArchive
2018-11-27 07:12:05 -  - TIME UnGzipArchive 0.012 sec
2018-11-27 07:12:05 -  - exec CUpdateClient::ParseServerData
2018-11-27 07:12:05 - CURV - Update updated successfully!
2018-11-27 07:12:05 - UPD_SUCCESS - Update system updated
2018-11-27 07:12:05 -  - exec CUpdateClient::GetUpdatesList
2018-11-27 07:12:05 -  - exec CUpdateClient::CollectRequestData
2018-11-27 07:12:05 -  - LICENSE_KEY=X&lang=ru&SUPD_VER=18.1.3&VERSION=18.0.0&TYPENC=D&SUPD_STS=1&SUPD_URS=0&SUPD_DBS=MYSQL&XE=N&CLIENT_SITE=clinic.cu41147.tmweb.ru&CHHB=clinic.cu41147.tmweb.ru&CSAB=127.0.4.39&SUID=2a7de1cad80b5d8b90a0959bf7412549&CANGZIP=Y&CLIENT_PHPVER=5.6.37&stable=Y&NGINX=Y&rerere=Y&bitm_main=18.0.0&bitm_highloadblock=17.5.0&bitm_messageservice=18.0.0&bitm_fileman=17.5.12&bitm_perfmon=17.0.1&bitm_rest=18.0.0&bitm_iblock=17.6.3&bitm_search=17.5.1&bitm_bitrixcloud=17.5.0&bitm_compression=16.0.0&bitm_socialservices=17.5.4&bitm_ui=17.6.0&bitm_b24connector=17.5.0&bitm_landing=18.3.0&bitm_seo=18.0.0&bitm_translate=16.0.0&bitm_clouds=17.0.2&bitl_en=&bitl_ru=&SUPD_SRS=RU&SUPD_CMP=N&SALE_15=Y&LICENSE_SIGNED=%7Enew_license18_0_sign-Y
2018-11-27 07:12:05 -  - exec CUpdateClient::GetHTTPPage
2018-11-27 07:12:05 -  - TIME GetUpdatesList(request) 0.338 sec
2018-11-27 07:12:05 -  - exec CUpdateClient::ParseServerData
2018-11-27 07:12:06 -  - exec CUpdateClient::executeCounters
2018-11-27 07:12:06 -  - exec CUpdateClient::CollectRequestData
2018-11-27 07:12:06 -  - LICENSE_KEY=X&lang=ru&SUPD_VER=18.1.3&VERSION=18.0.0&TYPENC=D&SUPD_STS=1&SUPD_URS=0&SUPD_DBS=MYSQL&XE=N&CLIENT_SITE=clinic.cu41147.tmweb.ru&CHHB=clinic.cu41147.tmweb.ru&CSAB=127.0.4.39&SUID=2a7de1cad80b5d8b90a0959bf7412549&CANGZIP=Y&CLIENT_PHPVER=5.6.37&stable=Y&NGINX=Y&rerere=Y&bitm_main=18.0.0&bitm_highloadblock=17.5.0&bitm_messageservice=18.0.0&bitm_fileman=17.5.12&bitm_perfmon=17.0.1&bitm_rest=18.0.0&bitm_iblock=17.6.3&bitm_search=17.5.1&bitm_bitrixcloud=17.5.0&bitm_compression=16.0.0&bitm_socialservices=17.5.4&bitm_ui=17.6.0&bitm_b24connector=17.5.0&bitm_landing=18.3.0&bitm_seo=18.0.0&bitm_translate=16.0.0&bitm_clouds=17.0.2&bitl_en=&bitl_ru=&SUPD_SRS=RU&SUPD_CMP=N&SALE_15=Y&LICENSE_SIGNED=%7Enew_license18_0_sign-Y&query_type=counter&cntr_result[199]=5.6
2018-11-27 07:12:06 -  - exec CUpdateClient::GetHTTPPage
2018-11-27 07:12:06 -  - TIME executeCounters 0.181 sec
2018-11-27 07:12:10 -  - exec CUpdateClient::RegisterVersion
2018-11-27 07:12:10 -  - exec CUpdateClient::CollectRequestData
2018-11-27 07:12:10 -  - LICENSE_KEY=X&lang=ru&SUPD_VER=18.1.3&VERSION=18.0.0&TYPENC=D&SUPD_STS=1&SUPD_URS=0&SUPD_DBS=MYSQL&XE=N&CLIENT_SITE=clinic.cu41147.tmweb.ru&CHHB=clinic.cu41147.tmweb.ru&CSAB=127.0.4.39&SUID=2a7de1cad80b5d8b90a0959bf7412549&CANGZIP=Y&CLIENT_PHPVER=5.6.37&stable=Y&NGINX=Y&rerere=Y&bitm_main=18.0.0&bitm_highloadblock=17.5.0&bitm_messageservice=18.0.0&bitm_fileman=17.5.12&bitm_perfmon=17.0.1&bitm_rest=18.0.0&bitm_iblock=17.6.3&bitm_search=17.5.1&bitm_bitrixcloud=17.5.0&bitm_compression=16.0.0&bitm_socialservices=17.5.4&bitm_ui=17.6.0&bitm_b24connector=17.5.0&bitm_landing=18.3.0&bitm_seo=18.0.0&bitm_translate=16.0.0&bitm_clouds=17.0.2&bitl_en=&bitl_ru=&SUPD_SRS=RU&SUPD_CMP=N&SALE_15=Y&LICENSE_SIGNED=%7Enew_license18_0_sign-Y&query_type=register
2018-11-27 07:12:10 -  - exec CUpdateClient::GetHTTPPage
2018-11-27 07:12:10 -  - TIME RegisterVersion(request) 0.185 sec
2018-11-27 07:12:10 -  - exec CUpdateClient::UnGzipArchive
2018-11-27 07:12:10 -  - TIME UnGzipArchive 0.001 sec
2018-11-27 07:12:10 -  - exec CUpdateClient::ParseServerData
2018-11-27 07:12:10 - CURV - Product registered successfully!
2018-11-27 07:12:10 - UPD_SUCCESS - Registered
2018-11-27 07:12:11 -  - exec CUpdateClient::GetUpdatesList
2018-11-27 07:12:11 -  - exec CUpdateClient::CollectRequestData
2018-11-27 07:12:11 -  - LICENSE_KEY=X&lang=ru&SUPD_VER=18.1.3&VERSION=18.0.0&TYPENC=E&SUPD_STS=1&SUPD_URS=0&SUPD_DBS=MYSQL&XE=N&CLIENT_SITE=clinic.cu41147.tmweb.ru&CHHB=clinic.cu41147.tmweb.ru&CSAB=127.0.4.39&SUID=2a7de1cad80b5d8b90a0959bf7412549&CANGZIP=Y&CLIENT_PHPVER=5.6.37&stable=Y&NGINX=Y&rerere=Y&bitm_main=18.0.0&bitm_highloadblock=17.5.0&bitm_messageservice=18.0.0&bitm_fileman=17.5.12&bitm_perfmon=17.0.1&bitm_rest=18.0.0&bitm_iblock=17.6.3&bitm_search=17.5.1&bitm_bitrixcloud=17.5.0&bitm_compression=16.0.0&bitm_socialservices=17.5.4&bitm_ui=17.6.0&bitm_b24connector=17.5.0&bitm_landing=18.3.0&bitm_seo=18.0.0&bitm_translate=16.0.0&bitm_clouds=17.0.2&bitl_en=&bitl_ru=&SUPD_SRS=RU&SUPD_CMP=N&SALE_15=Y&LICENSE_SIGNED=%7Enew_license18_0_sign-Y
2018-11-27 07:12:11 -  - exec CUpdateClient::GetHTTPPage
2018-11-27 07:12:12 -  - TIME GetUpdatesList(request) 0.208 sec
2018-11-27 07:12:12 -  - exec CUpdateClient::ParseServerData
